#
# A fatal error has been detected by the Java Runtime Environment:
#
#  EXCEPTION_ACCESS_VIOLATION (0xc0000005) at pc=0x000000006f3c1405, pid=15256, tid=12936
#
# JRE version: Java(TM) SE Runtime Environment (19.0.1+10) (build 19.0.1+10-21)
# Java VM: Java HotSpot(TM) 64-Bit Server VM (19.0.1+10-21, mixed mode, sharing, tiered, compressed oops, compressed class ptrs, g1 gc, windows-amd64)
# Problematic frame:
# C  [nativeLib.dll+0x1405]
#
# No core dump will be written. Minidumps are not enabled by default on client versions of Windows
#
# If you would like to submit a bug report, please visit:
#   https://bugreport.java.com/bugreport/crash.jsp
# The crash happened outside the Java Virtual Machine in native code.
# See problematic frame for where to report the bug.
#

---------------  S U M M A R Y ------------

Command Line: -Djava.library.path=D:\Учёба\3 курс\Java_Optimization\Task_3\src\main\c -XX:NativeMemoryTracking=detail nsu.Main

Host: AMD Ryzen 7 4800H with Radeon Graphics         , 16 cores, 15G,  Windows 10 , 64 bit Build 19041 (10.0.19041.3636)
Time: Mon Apr 29 01:10:17 2024  Windows 10 , 64 bit Build 19041 (10.0.19041.3636) elapsed time: 0.065459 seconds (0d 0h 0m 0s)

---------------  T H R E A D  ---------------

Current thread (0x0000020da672f6f0):  JavaThread "main" [_thread_in_native, id=12936, stack(0x0000001f51600000,0x0000001f51700000)]

Stack: [0x0000001f51600000,0x0000001f51700000],  sp=0x0000001f516ff4f0,  free space=1021k
Native frames: (J=compiled Java code, j=interpreted, Vv=VM code, C=native code)
C  [nativeLib.dll+0x1405]

Java frames: (J=compiled Java code, j=interpreted, Vv=VM code)
j  nsu.Methods.brokenChainOfMethods()V+0
j  nsu.Main.brokenChainOfMethods()V+9
j  nsu.Main.main([Ljava/lang/String;)V+8
v  ~StubRoutines::call_stub 0x0000020db5ae100e

siginfo: EXCEPTION_ACCESS_VIOLATION (0xc0000005), writing address 0x0000000000000000


Registers:
RAX=0x0000000000000003, RBX=0x000000006f3c4000, RCX=0x00000000ffffffff, RDX=0x000000000000000a
RSP=0x0000001f516ff4f0, RBP=0x0000001f516ff5c0, RSI=0x0000000000000000, RDI=0x0000001f516ffa68
R8 =0x00007ff9189a5940, R9 =0x0000001f516fd950, R10=0x0000000000000000, R11=0x0000000000000246
R12=0x0000000000000000, R13=0x0000020dca801668, R14=0x0000001f516ff5e0, R15=0x0000020da672f6f0
RIP=0x000000006f3c1405, EFLAGS=0x0000000000010202


Register to memory mapping:

RIP=0x000000006f3c1405 nativeLib.dll
RAX=0x0000000000000003 is an unknown value
RBX=0x000000006f3c4000 nativeLib.dll
RCX=0x00000000ffffffff is an unknown value
RDX=0x000000000000000a is an unknown value
RSP=0x0000001f516ff4f0 is pointing into the stack for thread: 0x0000020da672f6f0
RBP=0x0000001f516ff5c0 is pointing into the stack for thread: 0x0000020da672f6f0
RSI=0x0 is NULL
RDI=0x0000001f516ffa68 is pointing into the stack for thread: 0x0000020da672f6f0
R8 =0x00007ff9189a5940 msvcrt.dll
R9 =0x0000001f516fd950 is pointing into the stack for thread: 0x0000020da672f6f0
R10=0x0 is NULL
R11=0x0000000000000246 is an unknown value
R12=0x0 is NULL
R13={method} {0x0000020dca801670} 'brokenChainOfMethods' '()V' in 'nsu/Methods'
R14=0x0000001f516ff5e0 is pointing into the stack for thread: 0x0000020da672f6f0
R15=0x0000020da672f6f0 is a thread


Top of Stack: (sp=0x0000001f516ff4f0)
0x0000001f516ff4f0:   000000006f3c4000 000000000000000a
0x0000001f516ff500:   00007ff9189a5940 0000001f516fd950
0x0000001f516ff510:   0000020da672f9d0 000000006f3c174f
0x0000001f516ff520:   000000006f3c4000 0000000000000006
0x0000001f516ff530:   00007ff9189a5940 0000001f516fd980
0x0000001f516ff540:   0000020dca801668 0000020db5aff95d
0x0000001f516ff550:   0000020dca801668 0000000000000000
0x0000001f516ff560:   0000001f516ff5c8 0000020db5afb796
0x0000001f516ff570:   0000020db5aff5f6 0000001f516ff578
0x0000001f516ff580:   0000020dca801668 0000001f516ff5e0
0x0000001f516ff590:   0000020dca801b30 0000000000000000
0x0000001f516ff5a0:   00000007195dc318 0000020dca801668
0x0000001f516ff5b0:   0000000000000000 0000001f516ff5e0
0x0000001f516ff5c0:   0000001f516ff630 0000020db5afb796
0x0000001f516ff5d0:   0000000000000000 0000020db5afd197
0x0000001f516ff5e0:   00000007195dd608 0000001f516ff5e8 

Instructions: (pc=0x000000006f3c1405)
0x000000006f3c1305:   89 e8 31 d2 48 89 f9 e8 ff fc ff ff e9 49 ff ff
0x000000006f3c1315:   ff 66 2e 0f 1f 84 00 00 00 00 00 83 fb 01 0f 85
0x000000006f3c1325:   33 ff ff ff eb d9 0f 1f 44 00 00 48 83 ec 48 48
0x000000006f3c1335:   8b 05 75 2f 00 00 c7 00 00 00 00 00 83 fa 01 74
0x000000006f3c1345:   0a 48 83 c4 48 e9 b1 fe ff ff 90 4c 89 44 24 38
0x000000006f3c1355:   89 54 24 34 48 89 4c 24 28 e8 bd 05 00 00 e8 a8
0x000000006f3c1365:   0e 00 00 4c 8b 44 24 38 8b 54 24 34 48 8b 4c 24
0x000000006f3c1375:   28 48 83 c4 48 e9 81 fe ff ff 90 48 89 ca 48 8d
0x000000006f3c1385:   0d 76 5c 00 00 e9 b1 18 00 00 90 48 8d 0d 09 00
0x000000006f3c1395:   00 00 e9 e4 ff ff ff 0f 1f 40 00 c3 90 90 90 90
0x000000006f3c13a5:   90 90 90 90 90 90 90 90 90 90 90 53 48 83 ec 20
0x000000006f3c13b5:   48 bb fc ff ff ff 01 00 00 00 90 ba 01 00 00 00
0x000000006f3c13c5:   48 89 d9 e8 1b 18 00 00 eb f1 90 ba 01 00 00 00
0x000000006f3c13d5:   b9 00 04 00 00 e9 09 18 00 00 90 53 48 83 ec 20
0x000000006f3c13e5:   8b 15 35 5c 00 00 48 8d 1d 0e 2c 00 00 48 89 d9
0x000000006f3c13f5:   e8 d6 17 00 00 8b 15 20 5c 00 00 83 fa 09 7e 0d
0x000000006f3c1405:   c7 04 25 00 00 00 00 00 00 00 00 0f 0b 83 c2 01
0x000000006f3c1415:   89 15 05 5c 00 00 eb d5 0f 1f 00 53 48 83 ec 20
0x000000006f3c1425:   8b 15 f5 5b 00 00 48 89 cb 48 8d 0d cb 2b 00 00
0x000000006f3c1435:   e8 96 17 00 00 8b 15 e0 5b 00 00 83 fa 09 7e 0d
0x000000006f3c1445:   c7 04 25 00 00 00 00 00 00 00 00 0f 0b 48 8d 0d
0x000000006f3c1455:   a7 2b 00 00 83 c2 01 89 15 be 5b 00 00 e8 69 17
0x000000006f3c1465:   00 00 8b 15 b3 5b 00 00 83 fa 09 7f d3 48 8d 0d
0x000000006f3c1475:   87 2b 00 00 83 c2 01 89 15 9e 5b 00 00 e8 49 17
0x000000006f3c1485:   00 00 8b 15 93 5b 00 00 83 fa 09 7f b3 48 8d 0d
0x000000006f3c1495:   67 2b 00 00 83 c2 01 89 15 7e 5b 00 00 e8 29 17
0x000000006f3c14a5:   00 00 8b 05 73 5b 00 00 83 f8 09 7f 93 8d 50 01
0x000000006f3c14b5:   48 8d 0d 44 2b 00 00 89 15 5e 5b 00 00 e8 09 17
0x000000006f3c14c5:   00 00 8b 05 53 5b 00 00 83 f8 09 0f 8f 6f ff ff
0x000000006f3c14d5:   ff 8d 50 01 48 8d 0d 20 2b 00 00 89 15 3a 5b 00
0x000000006f3c14e5:   00 e8 e5 16 00 00 8b 05 2f 5b 00 00 83 f8 09 0f
0x000000006f3c14f5:   8f 4b ff ff ff 8d 50 01 48 8d 0d fc 2a 00 00 89 


Stack slot to memory mapping:
stack at sp + 0 slots: 0x000000006f3c4000 nativeLib.dll
stack at sp + 1 slots: 0x000000000000000a is an unknown value
stack at sp + 2 slots: 0x00007ff9189a5940 msvcrt.dll
stack at sp + 3 slots: 0x0000001f516fd950 is pointing into the stack for thread: 0x0000020da672f6f0
stack at sp + 4 slots: 0x0000020da672f9d0 points into unknown readable memory: 0x00007ff8a82df9a0 | a0 f9 2d a8 f8 7f 00 00
stack at sp + 5 slots: 0x000000006f3c174f nativeLib.dll
stack at sp + 6 slots: 0x000000006f3c4000 nativeLib.dll
stack at sp + 7 slots: 0x0000000000000006 is an unknown value


---------------  P R O C E S S  ---------------

Threads class SMR info:
_java_thread_list=0x0000020dce5425c0, length=13, elements={
0x0000020da672f6f0, 0x0000020dc9d6e800, 0x0000020dce4034c0, 0x0000020dce404a20,
0x0000020dce405380, 0x0000020dce4080f0, 0x0000020dce409a60, 0x0000020dce40c710,
0x0000020dce415360, 0x0000020dce419a50, 0x0000020dce54c870, 0x0000020dce56ffd0,
0x0000020dce577820
}

Java Threads: ( => current thread )
=>0x0000020da672f6f0 JavaThread "main" [_thread_in_native, id=12936, stack(0x0000001f51600000,0x0000001f51700000)]
  0x0000020dc9d6e800 JavaThread "Reference Handler" daemon [_thread_blocked, id=15724, stack(0x0000001f51d00000,0x0000001f51e00000)]
  0x0000020dce4034c0 JavaThread "Finalizer" daemon [_thread_blocked, id=2900, stack(0x0000001f51e00000,0x0000001f51f00000)]
  0x0000020dce404a20 JavaThread "Signal Dispatcher" daemon [_thread_blocked, id=18932, stack(0x0000001f51f00000,0x0000001f52000000)]
  0x0000020dce405380 JavaThread "Attach Listener" daemon [_thread_blocked, id=13280, stack(0x0000001f52000000,0x0000001f52100000)]
  0x0000020dce4080f0 JavaThread "Service Thread" daemon [_thread_blocked, id=9300, stack(0x0000001f52100000,0x0000001f52200000)]
  0x0000020dce409a60 JavaThread "Monitor Deflation Thread" daemon [_thread_blocked, id=11688, stack(0x0000001f52200000,0x0000001f52300000)]
  0x0000020dce40c710 JavaThread "C2 CompilerThread0" daemon [_thread_blocked, id=3696, stack(0x0000001f52300000,0x0000001f52400000)]
  0x0000020dce415360 JavaThread "C1 CompilerThread0" daemon [_thread_blocked, id=18868, stack(0x0000001f52400000,0x0000001f52500000)]
  0x0000020dce419a50 JavaThread "Sweeper thread" daemon [_thread_blocked, id=12260, stack(0x0000001f52500000,0x0000001f52600000)]
  0x0000020dce54c870 JavaThread "C1 CompilerThread1" daemon [_thread_blocked, id=1164, stack(0x0000001f52600000,0x0000001f52700000)]
  0x0000020dce56ffd0 JavaThread "Notification Thread" daemon [_thread_blocked, id=18800, stack(0x0000001f52700000,0x0000001f52800000)]
  0x0000020dce577820 JavaThread "Common-Cleaner" daemon [_thread_blocked, id=11316, stack(0x0000001f52900000,0x0000001f52a00000)]

Other Threads:
  0x0000020dc9d5ad20 VMThread "VM Thread" [stack: 0x0000001f51c00000,0x0000001f51d00000] [id=9392]
  0x0000020dce574540 WatcherThread "VM Periodic Task Thread" [stack: 0x0000001f52800000,0x0000001f52900000] [id=13540]
  0x0000020da67b1190 WorkerThread "GC Thread#0" [stack: 0x0000001f51700000,0x0000001f51800000] [id=17548]
  0x0000020da67c1720 ConcurrentGCThread "G1 Main Marker" [stack: 0x0000001f51800000,0x0000001f51900000] [id=11348]
  0x0000020da67c2740 WorkerThread "G1 Conc#0" [stack: 0x0000001f51900000,0x0000001f51a00000] [id=16424]
  0x0000020dc9bf8910 ConcurrentGCThread "G1 Refine#0" [stack: 0x0000001f51a00000,0x0000001f51b00000] [id=18448]
  0x0000020dc9bf92a0 ConcurrentGCThread "G1 Service" [stack: 0x0000001f51b00000,0x0000001f51c00000] [id=20328]

Threads with active compile tasks:

VM state: not at safepoint (normal execution)

VM Mutex/Monitor currently owned by a thread: None

Heap address: 0x000000070a000000, size: 3936 MB, Compressed Oops mode: Zero based, Oop shift amount: 3

CDS archive(s) mapped at: [0x0000000800000000-0x0000000800c40000-0x0000000800c40000), size 12845056, SharedBaseAddress: 0x0000000800000000, ArchiveRelocationMode: 0.
Compressed class space mapped at: 0x0000000801000000-0x0000000841000000, reserved size: 1073741824
Narrow klass base: 0x0000000800000000, Narrow klass shift: 0, Narrow klass range: 0x100000000

GC Precious Log:
 CardTable entry size: 512
 Card Set container configuration: InlinePtr #cards 4 size 8 Array Of Cards #cards 16 size 48 Howl #buckets 8 coarsen threshold 3686 Howl Bitmap #cards 512 size 80 coarsen threshold 460 Card regions per heap region 1 cards per card region 4096
 CPUs: 16 total, 16 available
 Memory: 15741M
 Large Page Support: Disabled
 NUMA Support: Disabled
 Compressed Oops: Enabled (Zero based)
 Heap Region Size: 2M
 Heap Min Capacity: 8M
 Heap Initial Capacity: 246M
 Heap Max Capacity: 3936M
 Pre-touch: Disabled
 Parallel Workers: 13
 Concurrent Workers: 3
 Concurrent Refinement Workers: 13
 Periodic GC: Disabled

Heap:
 garbage-first heap   total 251904K, used 2048K [0x000000070a000000, 0x0000000800000000)
  region size 2048K, 2 young (4096K), 0 survivors (0K)
 Metaspace       used 176K, committed 384K, reserved 1114112K
  class space    used 7K, committed 128K, reserved 1048576K

Heap Regions: E=young(eden), S=young(survivor), O=old, HS=humongous(starts), HC=humongous(continues), CS=collection set, F=free, OA=open archive, CA=closed archive, TAMS=top-at-mark-start (previous, next)
|   0|0x000000070a000000, 0x000000070a000000, 0x000000070a200000|  0%| F|  |TAMS 0x000000070a000000, 0x000000070a000000| Untracked 
|   1|0x000000070a200000, 0x000000070a200000, 0x000000070a400000|  0%| F|  |TAMS 0x000000070a200000, 0x000000070a200000| Untracked 
|   2|0x000000070a400000, 0x000000070a400000, 0x000000070a600000|  0%| F|  |TAMS 0x000000070a400000, 0x000000070a400000| Untracked 
|   3|0x000000070a600000, 0x000000070a600000, 0x000000070a800000|  0%| F|  |TAMS 0x000000070a600000, 0x000000070a600000| Untracked 
|   4|0x000000070a800000, 0x000000070a800000, 0x000000070aa00000|  0%| F|  |TAMS 0x000000070a800000, 0x000000070a800000| Untracked 
|   5|0x000000070aa00000, 0x000000070aa00000, 0x000000070ac00000|  0%| F|  |TAMS 0x000000070aa00000, 0x000000070aa00000| Untracked 
|   6|0x000000070ac00000, 0x000000070ac00000, 0x000000070ae00000|  0%| F|  |TAMS 0x000000070ac00000, 0x000000070ac00000| Untracked 
|   7|0x000000070ae00000, 0x000000070ae00000, 0x000000070b000000|  0%| F|  |TAMS 0x000000070ae00000, 0x000000070ae00000| Untracked 
|   8|0x000000070b000000, 0x000000070b000000, 0x000000070b200000|  0%| F|  |TAMS 0x000000070b000000, 0x000000070b000000| Untracked 
|   9|0x000000070b200000, 0x000000070b200000, 0x000000070b400000|  0%| F|  |TAMS 0x000000070b200000, 0x000000070b200000| Untracked 
|  10|0x000000070b400000, 0x000000070b400000, 0x000000070b600000|  0%| F|  |TAMS 0x000000070b400000, 0x000000070b400000| Untracked 
|  11|0x000000070b600000, 0x000000070b600000, 0x000000070b800000|  0%| F|  |TAMS 0x000000070b600000, 0x000000070b600000| Untracked 
|  12|0x000000070b800000, 0x000000070b800000, 0x000000070ba00000|  0%| F|  |TAMS 0x000000070b800000, 0x000000070b800000| Untracked 
|  13|0x000000070ba00000, 0x000000070ba00000, 0x000000070bc00000|  0%| F|  |TAMS 0x000000070ba00000, 0x000000070ba00000| Untracked 
|  14|0x000000070bc00000, 0x000000070bc00000, 0x000000070be00000|  0%| F|  |TAMS 0x000000070bc00000, 0x000000070bc00000| Untracked 
|  15|0x000000070be00000, 0x000000070be00000, 0x000000070c000000|  0%| F|  |TAMS 0x000000070be00000, 0x000000070be00000| Untracked 
|  16|0x000000070c000000, 0x000000070c000000, 0x000000070c200000|  0%| F|  |TAMS 0x000000070c000000, 0x000000070c000000| Untracked 
|  17|0x000000070c200000, 0x000000070c200000, 0x000000070c400000|  0%| F|  |TAMS 0x000000070c200000, 0x000000070c200000| Untracked 
|  18|0x000000070c400000, 0x000000070c400000, 0x000000070c600000|  0%| F|  |TAMS 0x000000070c400000, 0x000000070c400000| Untracked 
|  19|0x000000070c600000, 0x000000070c600000, 0x000000070c800000|  0%| F|  |TAMS 0x000000070c600000, 0x000000070c600000| Untracked 
|  20|0x000000070c800000, 0x000000070c800000, 0x000000070ca00000|  0%| F|  |TAMS 0x000000070c800000, 0x000000070c800000| Untracked 
|  21|0x000000070ca00000, 0x000000070ca00000, 0x000000070cc00000|  0%| F|  |TAMS 0x000000070ca00000, 0x000000070ca00000| Untracked 
|  22|0x000000070cc00000, 0x000000070cc00000, 0x000000070ce00000|  0%| F|  |TAMS 0x000000070cc00000, 0x000000070cc00000| Untracked 
|  23|0x000000070ce00000, 0x000000070ce00000, 0x000000070d000000|  0%| F|  |TAMS 0x000000070ce00000, 0x000000070ce00000| Untracked 
|  24|0x000000070d000000, 0x000000070d000000, 0x000000070d200000|  0%| F|  |TAMS 0x000000070d000000, 0x000000070d000000| Untracked 
|  25|0x000000070d200000, 0x000000070d200000, 0x000000070d400000|  0%| F|  |TAMS 0x000000070d200000, 0x000000070d200000| Untracked 
|  26|0x000000070d400000, 0x000000070d400000, 0x000000070d600000|  0%| F|  |TAMS 0x000000070d400000, 0x000000070d400000| Untracked 
|  27|0x000000070d600000, 0x000000070d600000, 0x000000070d800000|  0%| F|  |TAMS 0x000000070d600000, 0x000000070d600000| Untracked 
|  28|0x000000070d800000, 0x000000070d800000, 0x000000070da00000|  0%| F|  |TAMS 0x000000070d800000, 0x000000070d800000| Untracked 
|  29|0x000000070da00000, 0x000000070da00000, 0x000000070dc00000|  0%| F|  |TAMS 0x000000070da00000, 0x000000070da00000| Untracked 
|  30|0x000000070dc00000, 0x000000070dc00000, 0x000000070de00000|  0%| F|  |TAMS 0x000000070dc00000, 0x000000070dc00000| Untracked 
|  31|0x000000070de00000, 0x000000070de00000, 0x000000070e000000|  0%| F|  |TAMS 0x000000070de00000, 0x000000070de00000| Untracked 
|  32|0x000000070e000000, 0x000000070e000000, 0x000000070e200000|  0%| F|  |TAMS 0x000000070e000000, 0x000000070e000000| Untracked 
|  33|0x000000070e200000, 0x000000070e200000, 0x000000070e400000|  0%| F|  |TAMS 0x000000070e200000, 0x000000070e200000| Untracked 
|  34|0x000000070e400000, 0x000000070e400000, 0x000000070e600000|  0%| F|  |TAMS 0x000000070e400000, 0x000000070e400000| Untracked 
|  35|0x000000070e600000, 0x000000070e600000, 0x000000070e800000|  0%| F|  |TAMS 0x000000070e600000, 0x000000070e600000| Untracked 
|  36|0x000000070e800000, 0x000000070e800000, 0x000000070ea00000|  0%| F|  |TAMS 0x000000070e800000, 0x000000070e800000| Untracked 
|  37|0x000000070ea00000, 0x000000070ea00000, 0x000000070ec00000|  0%| F|  |TAMS 0x000000070ea00000, 0x000000070ea00000| Untracked 
|  38|0x000000070ec00000, 0x000000070ec00000, 0x000000070ee00000|  0%| F|  |TAMS 0x000000070ec00000, 0x000000070ec00000| Untracked 
|  39|0x000000070ee00000, 0x000000070ee00000, 0x000000070f000000|  0%| F|  |TAMS 0x000000070ee00000, 0x000000070ee00000| Untracked 
|  40|0x000000070f000000, 0x000000070f000000, 0x000000070f200000|  0%| F|  |TAMS 0x000000070f000000, 0x000000070f000000| Untracked 
|  41|0x000000070f200000, 0x000000070f200000, 0x000000070f400000|  0%| F|  |TAMS 0x000000070f200000, 0x000000070f200000| Untracked 
|  42|0x000000070f400000, 0x000000070f400000, 0x000000070f600000|  0%| F|  |TAMS 0x000000070f400000, 0x000000070f400000| Untracked 
|  43|0x000000070f600000, 0x000000070f600000, 0x000000070f800000|  0%| F|  |TAMS 0x000000070f600000, 0x000000070f600000| Untracked 
|  44|0x000000070f800000, 0x000000070f800000, 0x000000070fa00000|  0%| F|  |TAMS 0x000000070f800000, 0x000000070f800000| Untracked 
|  45|0x000000070fa00000, 0x000000070fa00000, 0x000000070fc00000|  0%| F|  |TAMS 0x000000070fa00000, 0x000000070fa00000| Untracked 
|  46|0x000000070fc00000, 0x000000070fc00000, 0x000000070fe00000|  0%| F|  |TAMS 0x000000070fc00000, 0x000000070fc00000| Untracked 
|  47|0x000000070fe00000, 0x000000070fe00000, 0x0000000710000000|  0%| F|  |TAMS 0x000000070fe00000, 0x000000070fe00000| Untracked 
|  48|0x0000000710000000, 0x0000000710000000, 0x0000000710200000|  0%| F|  |TAMS 0x0000000710000000, 0x0000000710000000| Untracked 
|  49|0x0000000710200000, 0x0000000710200000, 0x0000000710400000|  0%| F|  |TAMS 0x0000000710200000, 0x0000000710200000| Untracked 
|  50|0x0000000710400000, 0x0000000710400000, 0x0000000710600000|  0%| F|  |TAMS 0x0000000710400000, 0x0000000710400000| Untracked 
|  51|0x0000000710600000, 0x0000000710600000, 0x0000000710800000|  0%| F|  |TAMS 0x0000000710600000, 0x0000000710600000| Untracked 
|  52|0x0000000710800000, 0x0000000710800000, 0x0000000710a00000|  0%| F|  |TAMS 0x0000000710800000, 0x0000000710800000| Untracked 
|  53|0x0000000710a00000, 0x0000000710a00000, 0x0000000710c00000|  0%| F|  |TAMS 0x0000000710a00000, 0x0000000710a00000| Untracked 
|  54|0x0000000710c00000, 0x0000000710c00000, 0x0000000710e00000|  0%| F|  |TAMS 0x0000000710c00000, 0x0000000710c00000| Untracked 
|  55|0x0000000710e00000, 0x0000000710e00000, 0x0000000711000000|  0%| F|  |TAMS 0x0000000710e00000, 0x0000000710e00000| Untracked 
|  56|0x0000000711000000, 0x0000000711000000, 0x0000000711200000|  0%| F|  |TAMS 0x0000000711000000, 0x0000000711000000| Untracked 
|  57|0x0000000711200000, 0x0000000711200000, 0x0000000711400000|  0%| F|  |TAMS 0x0000000711200000, 0x0000000711200000| Untracked 
|  58|0x0000000711400000, 0x0000000711400000, 0x0000000711600000|  0%| F|  |TAMS 0x0000000711400000, 0x0000000711400000| Untracked 
|  59|0x0000000711600000, 0x0000000711600000, 0x0000000711800000|  0%| F|  |TAMS 0x0000000711600000, 0x0000000711600000| Untracked 
|  60|0x0000000711800000, 0x0000000711800000, 0x0000000711a00000|  0%| F|  |TAMS 0x0000000711800000, 0x0000000711800000| Untracked 
|  61|0x0000000711a00000, 0x0000000711a00000, 0x0000000711c00000|  0%| F|  |TAMS 0x0000000711a00000, 0x0000000711a00000| Untracked 
|  62|0x0000000711c00000, 0x0000000711c00000, 0x0000000711e00000|  0%| F|  |TAMS 0x0000000711c00000, 0x0000000711c00000| Untracked 
|  63|0x0000000711e00000, 0x0000000711e00000, 0x0000000712000000|  0%| F|  |TAMS 0x0000000711e00000, 0x0000000711e00000| Untracked 
|  64|0x0000000712000000, 0x0000000712000000, 0x0000000712200000|  0%| F|  |TAMS 0x0000000712000000, 0x0000000712000000| Untracked 
|  65|0x0000000712200000, 0x0000000712200000, 0x0000000712400000|  0%| F|  |TAMS 0x0000000712200000, 0x0000000712200000| Untracked 
|  66|0x0000000712400000, 0x0000000712400000, 0x0000000712600000|  0%| F|  |TAMS 0x0000000712400000, 0x0000000712400000| Untracked 
|  67|0x0000000712600000, 0x0000000712600000, 0x0000000712800000|  0%| F|  |TAMS 0x0000000712600000, 0x0000000712600000| Untracked 
|  68|0x0000000712800000, 0x0000000712800000, 0x0000000712a00000|  0%| F|  |TAMS 0x0000000712800000, 0x0000000712800000| Untracked 
|  69|0x0000000712a00000, 0x0000000712a00000, 0x0000000712c00000|  0%| F|  |TAMS 0x0000000712a00000, 0x0000000712a00000| Untracked 
|  70|0x0000000712c00000, 0x0000000712c00000, 0x0000000712e00000|  0%| F|  |TAMS 0x0000000712c00000, 0x0000000712c00000| Untracked 
|  71|0x0000000712e00000, 0x0000000712e00000, 0x0000000713000000|  0%| F|  |TAMS 0x0000000712e00000, 0x0000000712e00000| Untracked 
|  72|0x0000000713000000, 0x0000000713000000, 0x0000000713200000|  0%| F|  |TAMS 0x0000000713000000, 0x0000000713000000| Untracked 
|  73|0x0000000713200000, 0x0000000713200000, 0x0000000713400000|  0%| F|  |TAMS 0x0000000713200000, 0x0000000713200000| Untracked 
|  74|0x0000000713400000, 0x0000000713400000, 0x0000000713600000|  0%| F|  |TAMS 0x0000000713400000, 0x0000000713400000| Untracked 
|  75|0x0000000713600000, 0x0000000713600000, 0x0000000713800000|  0%| F|  |TAMS 0x0000000713600000, 0x0000000713600000| Untracked 
|  76|0x0000000713800000, 0x0000000713800000, 0x0000000713a00000|  0%| F|  |TAMS 0x0000000713800000, 0x0000000713800000| Untracked 
|  77|0x0000000713a00000, 0x0000000713a00000, 0x0000000713c00000|  0%| F|  |TAMS 0x0000000713a00000, 0x0000000713a00000| Untracked 
|  78|0x0000000713c00000, 0x0000000713c00000, 0x0000000713e00000|  0%| F|  |TAMS 0x0000000713c00000, 0x0000000713c00000| Untracked 
|  79|0x0000000713e00000, 0x0000000713e00000, 0x0000000714000000|  0%| F|  |TAMS 0x0000000713e00000, 0x0000000713e00000| Untracked 
|  80|0x0000000714000000, 0x0000000714000000, 0x0000000714200000|  0%| F|  |TAMS 0x0000000714000000, 0x0000000714000000| Untracked 
|  81|0x0000000714200000, 0x0000000714200000, 0x0000000714400000|  0%| F|  |TAMS 0x0000000714200000, 0x0000000714200000| Untracked 
|  82|0x0000000714400000, 0x0000000714400000, 0x0000000714600000|  0%| F|  |TAMS 0x0000000714400000, 0x0000000714400000| Untracked 
|  83|0x0000000714600000, 0x0000000714600000, 0x0000000714800000|  0%| F|  |TAMS 0x0000000714600000, 0x0000000714600000| Untracked 
|  84|0x0000000714800000, 0x0000000714800000, 0x0000000714a00000|  0%| F|  |TAMS 0x0000000714800000, 0x0000000714800000| Untracked 
|  85|0x0000000714a00000, 0x0000000714a00000, 0x0000000714c00000|  0%| F|  |TAMS 0x0000000714a00000, 0x0000000714a00000| Untracked 
|  86|0x0000000714c00000, 0x0000000714c00000, 0x0000000714e00000|  0%| F|  |TAMS 0x0000000714c00000, 0x0000000714c00000| Untracked 
|  87|0x0000000714e00000, 0x0000000714e00000, 0x0000000715000000|  0%| F|  |TAMS 0x0000000714e00000, 0x0000000714e00000| Untracked 
|  88|0x0000000715000000, 0x0000000715000000, 0x0000000715200000|  0%| F|  |TAMS 0x0000000715000000, 0x0000000715000000| Untracked 
|  89|0x0000000715200000, 0x0000000715200000, 0x0000000715400000|  0%| F|  |TAMS 0x0000000715200000, 0x0000000715200000| Untracked 
|  90|0x0000000715400000, 0x0000000715400000, 0x0000000715600000|  0%| F|  |TAMS 0x0000000715400000, 0x0000000715400000| Untracked 
|  91|0x0000000715600000, 0x0000000715600000, 0x0000000715800000|  0%| F|  |TAMS 0x0000000715600000, 0x0000000715600000| Untracked 
|  92|0x0000000715800000, 0x0000000715800000, 0x0000000715a00000|  0%| F|  |TAMS 0x0000000715800000, 0x0000000715800000| Untracked 
|  93|0x0000000715a00000, 0x0000000715a00000, 0x0000000715c00000|  0%| F|  |TAMS 0x0000000715a00000, 0x0000000715a00000| Untracked 
|  94|0x0000000715c00000, 0x0000000715c00000, 0x0000000715e00000|  0%| F|  |TAMS 0x0000000715c00000, 0x0000000715c00000| Untracked 
|  95|0x0000000715e00000, 0x0000000715e00000, 0x0000000716000000|  0%| F|  |TAMS 0x0000000715e00000, 0x0000000715e00000| Untracked 
|  96|0x0000000716000000, 0x0000000716000000, 0x0000000716200000|  0%| F|  |TAMS 0x0000000716000000, 0x0000000716000000| Untracked 
|  97|0x0000000716200000, 0x0000000716200000, 0x0000000716400000|  0%| F|  |TAMS 0x0000000716200000, 0x0000000716200000| Untracked 
|  98|0x0000000716400000, 0x0000000716400000, 0x0000000716600000|  0%| F|  |TAMS 0x0000000716400000, 0x0000000716400000| Untracked 
|  99|0x0000000716600000, 0x0000000716600000, 0x0000000716800000|  0%| F|  |TAMS 0x0000000716600000, 0x0000000716600000| Untracked 
| 100|0x0000000716800000, 0x0000000716800000, 0x0000000716a00000|  0%| F|  |TAMS 0x0000000716800000, 0x0000000716800000| Untracked 
| 101|0x0000000716a00000, 0x0000000716a00000, 0x0000000716c00000|  0%| F|  |TAMS 0x0000000716a00000, 0x0000000716a00000| Untracked 
| 102|0x0000000716c00000, 0x0000000716c00000, 0x0000000716e00000|  0%| F|  |TAMS 0x0000000716c00000, 0x0000000716c00000| Untracked 
| 103|0x0000000716e00000, 0x0000000716e00000, 0x0000000717000000|  0%| F|  |TAMS 0x0000000716e00000, 0x0000000716e00000| Untracked 
| 104|0x0000000717000000, 0x0000000717000000, 0x0000000717200000|  0%| F|  |TAMS 0x0000000717000000, 0x0000000717000000| Untracked 
| 105|0x0000000717200000, 0x0000000717200000, 0x0000000717400000|  0%| F|  |TAMS 0x0000000717200000, 0x0000000717200000| Untracked 
| 106|0x0000000717400000, 0x0000000717400000, 0x0000000717600000|  0%| F|  |TAMS 0x0000000717400000, 0x0000000717400000| Untracked 
| 107|0x0000000717600000, 0x0000000717600000, 0x0000000717800000|  0%| F|  |TAMS 0x0000000717600000, 0x0000000717600000| Untracked 
| 108|0x0000000717800000, 0x0000000717800000, 0x0000000717a00000|  0%| F|  |TAMS 0x0000000717800000, 0x0000000717800000| Untracked 
| 109|0x0000000717a00000, 0x0000000717a00000, 0x0000000717c00000|  0%| F|  |TAMS 0x0000000717a00000, 0x0000000717a00000| Untracked 
| 110|0x0000000717c00000, 0x0000000717c00000, 0x0000000717e00000|  0%| F|  |TAMS 0x0000000717c00000, 0x0000000717c00000| Untracked 
| 111|0x0000000717e00000, 0x0000000717e00000, 0x0000000718000000|  0%| F|  |TAMS 0x0000000717e00000, 0x0000000717e00000| Untracked 
| 112|0x0000000718000000, 0x0000000718000000, 0x0000000718200000|  0%| F|  |TAMS 0x0000000718000000, 0x0000000718000000| Untracked 
| 113|0x0000000718200000, 0x0000000718200000, 0x0000000718400000|  0%| F|  |TAMS 0x0000000718200000, 0x0000000718200000| Untracked 
| 114|0x0000000718400000, 0x0000000718400000, 0x0000000718600000|  0%| F|  |TAMS 0x0000000718400000, 0x0000000718400000| Untracked 
| 115|0x0000000718600000, 0x0000000718600000, 0x0000000718800000|  0%| F|  |TAMS 0x0000000718600000, 0x0000000718600000| Untracked 
| 116|0x0000000718800000, 0x0000000718800000, 0x0000000718a00000|  0%| F|  |TAMS 0x0000000718800000, 0x0000000718800000| Untracked 
| 117|0x0000000718a00000, 0x0000000718a00000, 0x0000000718c00000|  0%| F|  |TAMS 0x0000000718a00000, 0x0000000718a00000| Untracked 
| 118|0x0000000718c00000, 0x0000000718c00000, 0x0000000718e00000|  0%| F|  |TAMS 0x0000000718c00000, 0x0000000718c00000| Untracked 
| 119|0x0000000718e00000, 0x0000000718e00000, 0x0000000719000000|  0%| F|  |TAMS 0x0000000718e00000, 0x0000000718e00000| Untracked 
| 120|0x0000000719000000, 0x0000000719000000, 0x0000000719200000|  0%| F|  |TAMS 0x0000000719000000, 0x0000000719000000| Untracked 
| 121|0x0000000719200000, 0x00000007192712c0, 0x0000000719400000| 22%| E|  |TAMS 0x0000000719200000, 0x0000000719200000| Complete 
| 122|0x0000000719400000, 0x0000000719600000, 0x0000000719600000|100%| E|CS|TAMS 0x0000000719400000, 0x0000000719400000| Complete 

Card table byte_map: [0x0000020dbe6c0000,0x0000020dbee70000] _byte_map_base: 0x0000020dbae70000

Marking Bits (Prev, Next): (CMBitMap*) 0x0000020da67b15f0, (CMBitMap*) 0x0000020da67b1630
 Prev Bits: [0x0000020dbf620000, 0x0000020dc33a0000)
 Next Bits: [0x0000020dc33a0000, 0x0000020dc7120000)

Polling page: 0x0000020da4520000

Metaspace:

Usage:
  Non-class:    168.92 KB used.
      Class:      7.32 KB used.
       Both:    176.24 KB used.

Virtual space:
  Non-class space:       64.00 MB reserved,     256.00 KB ( <1%) committed,  1 nodes.
      Class space:        1.00 GB reserved,     128.00 KB ( <1%) committed,  1 nodes.
             Both:        1.06 GB reserved,     384.00 KB ( <1%) committed. 

Chunk freelists:
   Non-Class:  3.99 MB
       Class:  3.75 MB
        Both:  7.74 MB

MaxMetaspaceSize: unlimited
CompressedClassSpaceSize: 1.00 GB
Initial GC threshold: 21.00 MB
Current GC threshold: 21.00 MB
CDS: on
MetaspaceReclaimPolicy: balanced
 - commit_granule_bytes: 65536.
 - commit_granule_words: 8192.
 - virtual_space_node_default_size: 8388608.
 - enlarge_chunks_in_place: 1.
 - new_chunks_are_fully_committed: 0.
 - uncommit_free_chunks: 1.
 - use_allocation_guard: 0.


Internal statistics:

num_allocs_failed_limit: 0.
num_arena_births: 4.
num_arena_deaths: 0.
num_vsnodes_births: 2.
num_vsnodes_deaths: 0.
num_space_committed: 6.
num_space_uncommitted: 0.
num_chunks_returned_to_freelist: 0.
num_chunks_taken_from_freelist: 5.
num_chunk_merges: 0.
num_chunk_splits: 2.
num_chunks_enlarged: 1.
num_inconsistent_stats: 0.

CodeHeap 'non-profiled nmethods': size=119168Kb used=14Kb max_used=14Kb free=119153Kb
 bounds [0x0000020db6230000, 0x0000020db64a0000, 0x0000020dbd690000]
CodeHeap 'profiled nmethods': size=119104Kb used=102Kb max_used=102Kb free=119001Kb
 bounds [0x0000020dae690000, 0x0000020dae900000, 0x0000020db5ae0000]
CodeHeap 'non-nmethods': size=7488Kb used=1689Kb max_used=1689Kb free=5798Kb
 bounds [0x0000020db5ae0000, 0x0000020db5d50000, 0x0000020db6230000]
 total_blobs=378 nmethods=77 adapters=211
 compilation: enabled
              stopped_count=0, restarted_count=0
 full_count=0

Compilation events (20 events):
Event: 0.050 Thread 0x0000020dce54c870 nmethod 65 0x0000020db6232f90 code [0x0000020db6233120, 0x0000020db62331f8]
Event: 0.050 Thread 0x0000020dce54c870   67       1       java.lang.module.ResolvedModule::configuration (5 bytes)
Event: 0.050 Thread 0x0000020dce415360 nmethod 70 0x0000020dae6a6710 code [0x0000020dae6a69c0, 0x0000020dae6a7ee8]
Event: 0.050 Thread 0x0000020dce54c870 nmethod 67 0x0000020db6233290 code [0x0000020db6233420, 0x0000020db62334f8]
Event: 0.050 Thread 0x0000020dce415360   71       1       java.util.ImmutableCollections$Set12::isEmpty (2 bytes)
Event: 0.050 Thread 0x0000020dce54c870   69       1       java.lang.module.ModuleDescriptor$Exports::targets (5 bytes)
Event: 0.050 Thread 0x0000020dce415360 nmethod 71 0x0000020db6233590 code [0x0000020db6233720, 0x0000020db62337f8]
Event: 0.050 Thread 0x0000020dce54c870 nmethod 69 0x0000020db6233890 code [0x0000020db6233a20, 0x0000020db6233af8]
Event: 0.052 Thread 0x0000020dce415360   72       3       java.lang.AbstractStringBuilder::ensureCapacityInternal (39 bytes)
Event: 0.053 Thread 0x0000020dce54c870   73       3       java.lang.AbstractStringBuilder::isLatin1 (19 bytes)
Event: 0.053 Thread 0x0000020dce415360 nmethod 72 0x0000020dae6a8390 code [0x0000020dae6a8540, 0x0000020dae6a8778]
Event: 0.053 Thread 0x0000020dce415360   74       3       java.lang.String::isEmpty (14 bytes)
Event: 0.053 Thread 0x0000020dce54c870 nmethod 73 0x0000020dae6a8890 code [0x0000020dae6a8a20, 0x0000020dae6a8b98]
Event: 0.053 Thread 0x0000020dce54c870   75       3       java.lang.StringUTF16::getChar (60 bytes)
Event: 0.053 Thread 0x0000020dce415360 nmethod 74 0x0000020dae6a8c10 code [0x0000020dae6a8da0, 0x0000020dae6a8f18]
Event: 0.053 Thread 0x0000020dce54c870 nmethod 75 0x0000020dae6a9010 code [0x0000020dae6a91c0, 0x0000020dae6a9338]
Event: 0.056 Thread 0x0000020dce54c870   76       3       java.lang.Math::min (11 bytes)
Event: 0.056 Thread 0x0000020dce415360   77       3       java.lang.StringUTF16::putChar (54 bytes)
Event: 0.056 Thread 0x0000020dce54c870 nmethod 76 0x0000020dae6a9410 code [0x0000020dae6a95a0, 0x0000020dae6a96d8]
Event: 0.056 Thread 0x0000020dce415360 nmethod 77 0x0000020dae6a9790 code [0x0000020dae6a9940, 0x0000020dae6a9a98]

GC Heap History (0 events):
No events

Dll operation events (3 events):
Event: 0.006 Loaded shared library C:\Program Files\Java\jdk-19\bin\java.dll
Event: 0.017 Loaded shared library C:\Program Files\Java\jdk-19\bin\jsvml.dll
Event: 0.058 Loaded shared library D:\Учёба\3 курс\Java_Optimization\Task_3\src\main\c\nativeLib.dll

Deoptimization events (0 events):
No events

Classes loaded (12 events):
Event: 0.027 Loading class sun/nio/cs/UTF_8$Encoder
Event: 0.028 Loading class sun/nio/cs/UTF_8$Encoder done
Event: 0.052 Loading class jdk/internal/loader/URLClassPath$FileLoader
Event: 0.052 Loading class jdk/internal/loader/URLClassPath$FileLoader done
Event: 0.052 Loading class sun/nio/cs/UTF_8$Decoder
Event: 0.052 Loading class sun/nio/cs/UTF_8$Decoder done
Event: 0.053 Loading class jdk/internal/loader/URLClassPath$FileLoader$1
Event: 0.053 Loading class jdk/internal/loader/URLClassPath$FileLoader$1 done
Event: 0.056 Loading class java/io/IOException
Event: 0.056 Loading class java/io/IOException done
Event: 0.056 Loading class java/lang/InterruptedException
Event: 0.056 Loading class java/lang/InterruptedException done

Classes unloaded (0 events):
No events

Classes redefined (0 events):
No events

Internal exceptions (0 events):
No events

VM Operations (0 events):
No events

Events (13 events):
Event: 0.017 Thread 0x0000020da672f6f0 Thread added: 0x0000020da672f6f0
Event: 0.029 Thread 0x0000020dc9d6e800 Thread added: 0x0000020dc9d6e800
Event: 0.029 Thread 0x0000020dce4034c0 Thread added: 0x0000020dce4034c0
Event: 0.029 Thread 0x0000020dce404a20 Thread added: 0x0000020dce404a20
Event: 0.030 Thread 0x0000020dce405380 Thread added: 0x0000020dce405380
Event: 0.030 Thread 0x0000020dce4080f0 Thread added: 0x0000020dce4080f0
Event: 0.030 Thread 0x0000020dce409a60 Thread added: 0x0000020dce409a60
Event: 0.030 Thread 0x0000020dce40c710 Thread added: 0x0000020dce40c710
Event: 0.030 Thread 0x0000020dce415360 Thread added: 0x0000020dce415360
Event: 0.030 Thread 0x0000020dce419a50 Thread added: 0x0000020dce419a50
Event: 0.048 Thread 0x0000020dce54c870 Thread added: 0x0000020dce54c870
Event: 0.050 Thread 0x0000020dce56ffd0 Thread added: 0x0000020dce56ffd0
Event: 0.054 Thread 0x0000020dce577820 Thread added: 0x0000020dce577820


Dynamic libraries:
0x00007ff60bb00000 - 0x00007ff60bb10000 	C:\Program Files\Java\jdk-19\bin\java.exe
0x00007ff91a650000 - 0x00007ff91a848000 	C:\Windows\SYSTEM32\ntdll.dll
0x00007ff919800000 - 0x00007ff9198bd000 	C:\Windows\System32\KERNEL32.DLL
0x00007ff918380000 - 0x00007ff918676000 	C:\Windows\System32\KERNELBASE.dll
0x00007ff918020000 - 0x00007ff918120000 	C:\Windows\System32\ucrtbase.dll
0x00007ff912380000 - 0x00007ff912398000 	C:\Program Files\Java\jdk-19\bin\jli.dll
0x00007ff912050000 - 0x00007ff91206b000 	C:\Program Files\Java\jdk-19\bin\VCRUNTIME140.dll
0x00007ff9189b0000 - 0x00007ff918a60000 	C:\Windows\System32\ADVAPI32.dll
0x00007ff918910000 - 0x00007ff9189ae000 	C:\Windows\System32\msvcrt.dll
0x00007ff9186a0000 - 0x00007ff918740000 	C:\Windows\System32\sechost.dll
0x00007ff919a60000 - 0x00007ff919b83000 	C:\Windows\System32\RPCRT4.dll
0x00007ff917f50000 - 0x00007ff917f77000 	C:\Windows\System32\bcrypt.dll
0x00007ff9198c0000 - 0x00007ff919a5f000 	C:\Windows\System32\USER32.dll
0x00007ff917d00000 - 0x00007ff917d22000 	C:\Windows\System32\win32u.dll
0x00007ff8fa530000 - 0x00007ff8fa7ca000 	C:\Windows\WinSxS\amd64_microsoft.windows.common-controls_6595b64144ccf1df_6.0.19041.3636_none_60b6a03d71f818d5\COMCTL32.dll
0x00007ff918b10000 - 0x00007ff918b3b000 	C:\Windows\System32\GDI32.dll
0x00007ff9181b0000 - 0x00007ff9182c7000 	C:\Windows\System32\gdi32full.dll
0x00007ff917f80000 - 0x00007ff91801d000 	C:\Windows\System32\msvcp_win.dll
0x00007ff910fc0000 - 0x00007ff910fca000 	C:\Windows\SYSTEM32\VERSION.dll
0x00007ff918c70000 - 0x00007ff918ca2000 	C:\Windows\System32\IMM32.DLL
0x00007ff913440000 - 0x00007ff91344c000 	C:\Program Files\Java\jdk-19\bin\vcruntime140_1.dll
0x00007ff903a90000 - 0x00007ff903b1e000 	C:\Program Files\Java\jdk-19\bin\msvcp140.dll
0x00007ff8a7780000 - 0x00007ff8a8440000 	C:\Program Files\Java\jdk-19\bin\server\jvm.dll
0x00007ff90e450000 - 0x00007ff90e477000 	C:\Windows\SYSTEM32\WINMM.dll
0x00007ff8fc410000 - 0x00007ff8fc419000 	C:\Windows\SYSTEM32\WSOCK32.dll
0x00007ff918fa0000 - 0x00007ff91900b000 	C:\Windows\System32\WS2_32.dll
0x00007ff9164e0000 - 0x00007ff9164f2000 	C:\Windows\SYSTEM32\kernel.appcore.dll
0x00007ff912ae0000 - 0x00007ff912aea000 	C:\Program Files\Java\jdk-19\bin\jimage.dll
0x00007ff9162c0000 - 0x00007ff9164a4000 	C:\Windows\SYSTEM32\DBGHELP.DLL
0x00007ff906a30000 - 0x00007ff906a64000 	C:\Windows\SYSTEM32\dbgcore.DLL
0x00007ff918120000 - 0x00007ff9181a2000 	C:\Windows\System32\bcryptPrimitives.dll
0x00007ff90cbf0000 - 0x00007ff90cc16000 	C:\Program Files\Java\jdk-19\bin\java.dll
0x00007ff9017c0000 - 0x00007ff901897000 	C:\Program Files\Java\jdk-19\bin\jsvml.dll
0x00007ff919010000 - 0x00007ff91977b000 	C:\Windows\System32\SHELL32.dll
0x00007ff915b20000 - 0x00007ff9162be000 	C:\Windows\SYSTEM32\windows.storage.dll
0x00007ff91a120000 - 0x00007ff91a473000 	C:\Windows\System32\combase.dll
0x00007ff9175e0000 - 0x00007ff91760e000 	C:\Windows\SYSTEM32\Wldp.dll
0x00007ff91a4e0000 - 0x00007ff91a5ad000 	C:\Windows\System32\OLEAUT32.dll
0x00007ff918a60000 - 0x00007ff918b0d000 	C:\Windows\System32\SHCORE.dll
0x00007ff91a480000 - 0x00007ff91a4d5000 	C:\Windows\System32\shlwapi.dll
0x00007ff917c30000 - 0x00007ff917c53000 	C:\Windows\SYSTEM32\profapi.dll
0x000000006f3c0000 - 0x000000006f3d4000 	D:\Учёба\3 курс\Java_Optimization\Task_3\src\main\c\nativeLib.dll

dbghelp: loaded successfully - version: 4.0.5 - missing functions: none
symbol engine: initialized successfully - sym options: 0x614 - pdb path: .;C:\Program Files\Java\jdk-19\bin;C:\Windows\SYSTEM32;C:\Windows\WinSxS\amd64_microsoft.windows.common-controls_6595b64144ccf1df_6.0.19041.3636_none_60b6a03d71f818d5;C:\Program Files\Java\jdk-19\bin\server;D:\Учёба\3 курс\Java_Optimization\Task_3\s

VM Arguments:
jvm_args: -Djava.library.path=D:\Учёба\3 курс\Java_Optimization\Task_3\src\main\c -XX:NativeMemoryTracking=detail 
java_command: nsu.Main
java_class_path (initial): src/main/java
Launcher Type: SUN_STANDARD

[Global flags]
     intx CICompilerCount                          = 12                                        {product} {ergonomic}
     uint ConcGCThreads                            = 3                                         {product} {ergonomic}
     uint G1ConcRefinementThreads                  = 13                                        {product} {ergonomic}
   size_t G1HeapRegionSize                         = 2097152                                   {product} {ergonomic}
    uintx GCDrainStackTargetSize                   = 64                                        {product} {ergonomic}
   size_t InitialHeapSize                          = 257949696                                 {product} {ergonomic}
   size_t MarkStackSize                            = 4194304                                   {product} {ergonomic}
   size_t MaxHeapSize                              = 4127195136                                {product} {ergonomic}
   size_t MaxNewSize                               = 2474639360                                {product} {ergonomic}
   size_t MinHeapDeltaBytes                        = 2097152                                   {product} {ergonomic}
   size_t MinHeapSize                              = 8388608                                   {product} {ergonomic}
    ccstr NativeMemoryTracking                     = detail                                    {product} {command line}
    uintx NonNMethodCodeHeapSize                   = 7602480                                {pd product} {ergonomic}
    uintx NonProfiledCodeHeapSize                  = 122027880                              {pd product} {ergonomic}
    uintx ProfiledCodeHeapSize                     = 122027880                              {pd product} {ergonomic}
    uintx ReservedCodeCacheSize                    = 251658240                              {pd product} {ergonomic}
     bool SegmentedCodeCache                       = true                                      {product} {ergonomic}
   size_t SoftMaxHeapSize                          = 4127195136                             {manageable} {ergonomic}
     bool UseCompressedClassPointers               = true                           {product lp64_product} {ergonomic}
     bool UseCompressedOops                        = true                           {product lp64_product} {ergonomic}
     bool UseG1GC                                  = true                                      {product} {ergonomic}
     bool UseLargePagesIndividualAllocation        = false                                  {pd product} {ergonomic}

Logging:
Log output configuration:
 #0: stdout all=warning uptime,level,tags foldmultilines=false
 #1: stderr all=off uptime,level,tags foldmultilines=false

Environment Variables:
PATH=C:\Program Files\Git\mingw64\bin;C:\Program Files\Git\usr\bin;C:\Users\parnishkka\bin;C:\ActiveTcl\bin;C:\Program Files\Common Files\Oracle\Java\javapath;C:\Program Files (x86)\Common Files\Oracle\Java\java8path;C:\Program Files (x86)\Common Files\Oracle\Java\javapath;C:\Program Files\Java\jdk-19\bin;C:\ProgramData\Oracle\Java\javapath;C:\Windows\system32;C:\Windows;C:\Windows\System32\Wbem;C:\Windows\System32\WindowsPowerShell\v1.0;C:\Windows\System32\OpenSSH;C:\Program Files\NVIDIA Corporation\NVIDIA NvDLISR;C:\Program Files (x86)\NVIDIA Corporation\PhysX\Common;C:\ProgramData\chocolatey\bin;C:\tcc;C:\MiniGW\bin;C:\Program Files\PuTTY;C:\Program Files\swipl\bin;C:\Gradle\gradle-7.5.1\bin;C:\Program Files\nodejs;C:\Strawberry\c\bin;C:\Strawberry\perl\site\bin;C:\Strawberry\perl\bin;C:\Strawberry\c\bin\spin;C:\graphviz\bin;C:\Program Files (x86)\ClockworkMod\Universal Adb Driver;C:\Program Files\Git\cmd;C:\Program Files\Go\bin;C:\Program Files\Docker\Docker\resources\bin;C:\jaxb-ri\bin;C:\Users\parnishkka\AppData\Local\Programs\Python\Python312\Scripts;C:\Users\parnishkka\AppData\Local\Programs\Python\Python312;C:\Users\parnishkka\AppData\Roaming\local\bin;C:\Users\parnishkka\AppData\Local\Microsoft\WindowsApps;C:\Users\parnishkka\AppData\Roaming\cabal\bin;C:\tools\ghc-9.0.1\bin;C:\Users\parnishkka\AppData\Local\Programs\Microsoft VS Code\bin;C:\MinGW\bin;C:\Users\parnishkka\AppData\Local\Programs\MiKTeX\miktex\bin\x64;C:\Program Files\JetBrains\GoLand 2023.3.1\bin;C:\Program Files\JetBrains\PyCharm Community Edition 2022.2.1\bin;C:\Program Files\JetBrains\IntelliJ IDEA Community Edition 2022.2.1\bin;C:\Users\parnishkka\AppData\Roaming\npm;C:\Program Files\JetBrains\IntelliJ IDEA 2023.2.3\bin;C:\Qt;C:\Users\parnishkka\go\bin;C:\jaxb-ri\bin
USERNAME=parnishkka
TERM=xterm-256color
OS=Windows_NT
PROCESSOR_IDENTIFIER=AMD64 Family 23 Model 96 Stepping 1, AuthenticAMD
TMP=C:\Users\PARNIS~1\AppData\Local\Temp
TEMP=C:\Users\PARNIS~1\AppData\Local\Temp



Native Memory Tracking:

(Omitting categories weighting less than 1KB)

Total: reserved=5639078KB, committed=346642KB
       malloc: 30558KB #10455
       mmap:   reserved=5608520KB, committed=316084KB

-                 Java Heap (reserved=4030464KB, committed=251904KB)
                            (mmap: reserved=4030464KB, committed=251904KB) 
 
-                     Class (reserved=1048655KB, committed=207KB)
                            (classes #573)
                            (  instance classes #485, array classes #88)
                            (malloc=79KB #628) 
                            (mmap: reserved=1048576KB, committed=128KB) 
                            (  Metadata:   )
                            (    reserved=65536KB, committed=256KB)
                            (    used=169KB)
                            (    waste=87KB =34.01%)
                            (  Class space:)
                            (    reserved=1048576KB, committed=128KB)
                            (    used=7KB)
                            (    waste=121KB =94.28%)
 
-                    Thread (reserved=20528KB, committed=796KB)
                            (thread #20)
                            (stack: reserved=20480KB, committed=748KB)
                            (malloc=28KB #124) 
                            (arena=21KB #37)
 
-                      Code (reserved=247788KB, committed=7592KB)
                            (malloc=44KB #687) 
                            (mmap: reserved=247744KB, committed=7548KB) 
 
-                        GC (reserved=210729KB, committed=70509KB)
                            (malloc=27625KB #595) 
                            (mmap: reserved=183104KB, committed=42884KB) 
 
-                 GCCardSet (reserved=27KB, committed=27KB)
                            (malloc=27KB #372) 
 
-                  Compiler (reserved=170KB, committed=170KB)
                            (malloc=4KB #40) 
                            (arena=166KB #6)
 
-                  Internal (reserved=229KB, committed=229KB)
                            (malloc=165KB #1206) 
                            (mmap: reserved=64KB, committed=64KB) 
 
-                    Symbol (reserved=1209KB, committed=1209KB)
                            (malloc=849KB #3201) 
                            (arena=360KB #1)
 
-    Native Memory Tracking (reserved=285KB, committed=285KB)
                            (malloc=122KB #1731) 
                            (tracking overhead=163KB)
 
-        Shared class space (reserved=12544KB, committed=12544KB)
                            (mmap: reserved=12544KB, committed=12544KB) 
 
-               Arena Chunk (reserved=685KB, committed=685KB)
                            (malloc=685KB) 
 
-                    Module (reserved=158KB, committed=158KB)
                            (malloc=158KB #1229) 
 
-                 Safepoint (reserved=8KB, committed=8KB)
                            (mmap: reserved=8KB, committed=8KB) 
 
-           Synchronization (reserved=35KB, committed=35KB)
                            (malloc=35KB #531) 
 
-            Serviceability (reserved=17KB, committed=17KB)
                            (malloc=17KB #9) 
 
-                 Metaspace (reserved=65546KB, committed=266KB)
                            (malloc=10KB #6) 
                            (mmap: reserved=65536KB, committed=256KB) 
 
-      String Deduplication (reserved=1KB, committed=1KB)
                            (malloc=1KB #8) 
 
Preinit state:entries: 312 (primary: 309, empties: 7610), sum bytes: 9363, longest chain length: 2
pre-init mallocs: 340, pre-init reallocs: 1, pre-init frees: 28

---------------  S Y S T E M  ---------------

OS:
 Windows 10 , 64 bit Build 19041 (10.0.19041.3636)
OS uptime: 0 days 3:53 hours
Hyper-V role detected

CPU: total 16 (initial active 16) (16 cores per cpu, 2 threads per core) family 23 model 96 stepping 1 microcode 0x0, cx8, cmov, fxsr, ht, mmx, 3dnowpref, sse, sse2, sse3, ssse3, sse4a, sse4.1, sse4.2, popcnt, lzcnt, tsc, tscinvbit, avx, avx2, aes, clmul, bmi1, bmi2, adx, sha, fma, vzeroupper, clflush, clflushopt, hv, rdtscp, rdpid

Memory: 4k page, system-wide physical 15741M (6076M free)
TotalPageFile size 20861M (AvailPageFile size 4643M)
current process WorkingSet (physical memory assigned to process): 28M, peak: 28M
current process commit charge ("private bytes"): 343M, peak: 343M

vm_info: Java HotSpot(TM) 64-Bit Server VM (19.0.1+10-21) for windows-amd64 JRE (19.0.1+10-21), built on 2022-09-14T12:45:06Z by "mach5one" with MS VC++ 17.1 (VS2022)

END.
