#
# A fatal error has been detected by the Java Runtime Environment:
#
#  EXCEPTION_ACCESS_VIOLATION (0xc0000005) at pc=0x00007ffcd680a330, pid=5420, tid=10648
#
# JRE version: Java(TM) SE Runtime Environment (20.0.2+9) (build 20.0.2+9-78)
# Java VM: Java HotSpot(TM) 64-Bit Server VM (20.0.2+9-78, mixed mode, sharing, tiered, compressed oops, compressed class ptrs, g1 gc, windows-amd64)
# Problematic frame:
# V  [jvm.dll+0xa330]
#
# No core dump will be written. Minidumps are not enabled by default on client versions of Windows
#
# If you would like to submit a bug report, please visit:
#   https://bugreport.java.com/bugreport/crash.jsp
#

---------------  S U M M A R Y ------------

Command Line: -Djava.library.path=C:\Study\3_course\Java_Optimization\Task_3\src\main\c nsu.Main

Host: AMD Ryzen 5 5500U with Radeon Graphics         , 12 cores, 15G,  Windows 11 , 64 bit Build 22621 (10.0.22621.3374)
Time: Sat Apr 27 10:44:22 2024  Windows 11 , 64 bit Build 22621 (10.0.22621.3374) elapsed time: 0.111698 seconds (0d 0h 0m 0s)

---------------  T H R E A D  ---------------

Current thread (0x000001ea241a0b70):  JavaThread "main" [_thread_in_vm, id=10648, stack(0x0000001bb5f00000,0x0000001bb6000000)]

Stack: [0x0000001bb5f00000,0x0000001bb6000000],  sp=0x0000001bb5fff078,  free space=1020k
Native frames: (J=compiled Java code, j=interpreted, Vv=VM code, C=native code)
V  [jvm.dll+0xa330]

Java frames: (J=compiled Java code, j=interpreted, Vv=VM code)
j  nsu.Methods.brokenChainOfMethods()V+0
j  nsu.Main.main([Ljava/lang/String;)V+9
v  ~StubRoutines::call_stub 0x000001ea337a100d

siginfo: EXCEPTION_ACCESS_VIOLATION (0xc0000005), reading address 0x0000000000000000


Registers:
RAX=0x0000000000000000, RBX=0x0000000000000000, RCX=0x0000000000000000, RDX=0x0000000000000000
RSP=0x0000001bb5fff078, RBP=0x0000001bb5fff170, RSI=0x000001ea241a0b70, RDI=0x0000000000000000
R8 =0x000000006f3c4018, R9 =0x000001ea21f08f00, R10=0x0000000000000049, R11=0x0000001bb5fff078
R12=0x000000006f3c4018, R13=0x000001ea85000848, R14=0x0000001bb5fff190, R15=0x000001ea241a0b70
RIP=0x00007ffcd680a330, EFLAGS=0x0000000000010246


Register to memory mapping:

RIP=0x00007ffcd680a330 jvm.dll
RAX=0x0 is NULL
RBX=0x0 is NULL
RCX=0x0 is NULL
RDX=0x0 is NULL
RSP=0x0000001bb5fff078 is pointing into the stack for thread: 0x000001ea241a0b70
RBP=0x0000001bb5fff170 is pointing into the stack for thread: 0x000001ea241a0b70
RSI=0x000001ea241a0b70 is a thread
RDI=0x0 is NULL
R8 =0x000000006f3c4018 nativeLib.dll
R9 =0x000001ea21f08f00 points into unknown readable memory: 0x0000000000000002 | 02 00 00 00 00 00 00 00
R10=0x0000000000000049 is an unknown value
R11=0x0000001bb5fff078 is pointing into the stack for thread: 0x000001ea241a0b70
R12=0x000000006f3c4018 nativeLib.dll
R13={method} {0x000001ea85000850} 'brokenChainOfMethods' '()V' in 'nsu/Methods'
R14=0x0000001bb5fff190 is pointing into the stack for thread: 0x000001ea241a0b70
R15=0x000001ea241a0b70 is a thread


Top of Stack: (sp=0x0000001bb5fff078)
0x0000001bb5fff078:   00007ffcd6c417a7 0000000000000000
0x0000001bb5fff088:   0000000000000000 0000000000000001
0x0000001bb5fff098:   00007ffd5f7f8a30 0000001bb5fff190
0x0000001bb5fff0a8:   000000006f3c4000 000001ea241a0e50
0x0000001bb5fff0b8:   000000006f3c1409 000001ea241a0b70
0x0000001bb5fff0c8:   000001ea21edd420 000001ea00000126
0x0000001bb5fff0d8:   00007ffcd71ecc10 000001ea241a0b70
0x0000001bb5fff0e8:   0000001bb5fff190 0000000000000000
0x0000001bb5fff0f8:   000001ea337c1ff3 000001ea85000848
0x0000001bb5fff108:   0000001bb5fff170 0000001bb5fff5b0
0x0000001bb5fff118:   0000001bb5fff5b8 000001ea337c1c96
0x0000001bb5fff128:   0000001bb5fff128 000001ea85000848
0x0000001bb5fff138:   0000001bb5fff190 000001ea85000d10
0x0000001bb5fff148:   0000000000000000 00000007199e39e8
0x0000001bb5fff158:   000001ea85000848 0000000000000000
0x0000001bb5fff168:   0000001bb5fff190 0000001bb5fff1e0
0x0000001bb5fff178:   000001ea337bde8a 0000000000000000
0x0000001bb5fff188:   000001ea337bf897 00000007199e4a40
0x0000001bb5fff198:   0000001bb5fff198 000001ea85000289
0x0000001bb5fff1a8:   0000001bb5fff200 000001ea85000328
0x0000001bb5fff1b8:   0000000000000000 00000007199e2998
0x0000001bb5fff1c8:   000001ea850002b0 0000001bb5fff190
0x0000001bb5fff1d8:   0000001bb5fff200 0000001bb5fff3e0
0x0000001bb5fff1e8:   000001ea337a100d 0000000000000000
0x0000001bb5fff1f8:   00000007199e4a40 00000007199e3028
0x0000001bb5fff208:   00007ffcd6bc40e9 000001ea21e602b4
0x0000001bb5fff218:   0000000000000050 000001ea21e60cc0
0x0000001bb5fff228:   000001ea21e63000 00000000000001b0
0x0000001bb5fff238:   0000000000000040 0000000000000000
0x0000001bb5fff248:   0000000000000050 0000000000000000
0x0000001bb5fff258:   0000000000000005 0000000000000000
0x0000001bb5fff268:   0000001bb5fff319 000001ea21ed0000 

Instructions: (pc=0x00007ffcd680a330)
0x00007ffcd680a230:   ec 0d b3 00 48 83 c4 20 5b 48 ff e0 48 8d 05 ed
0x00007ffcd680a240:   00 00 00 48 8b cb 48 89 05 d3 0d b3 00 48 83 c4
0x00007ffcd680a250:   20 5b 48 ff e0 48 8d 05 d4 00 00 00 48 8b cb 48
0x00007ffcd680a260:   89 05 ba 0d b3 00 48 83 c4 20 5b 48 ff e0 48 8b
0x00007ffcd680a270:   0d cb 76 b9 00 8b 51 10 83 ea 01 0f 84 91 00 00
0x00007ffcd680a280:   00 83 ea 01 74 73 83 ea 01 74 55 83 fa 01 74 37
0x00007ffcd680a290:   4c 8d 0d e9 08 8a 00 41 b8 e2 00 00 00 48 8d 15
0x00007ffcd680a2a0:   14 09 8a 00 b9 00 00 00 e0 e8 42 68 27 00 e8 5d
0x00007ffcd680a2b0:   19 6b 00 33 c0 48 8b cb 48 89 05 61 0d b3 00 48
0x00007ffcd680a2c0:   83 c4 20 5b 48 ff e0 48 8d 05 72 00 00 00 48 8b
0x00007ffcd680a2d0:   cb 48 89 05 48 0d b3 00 48 83 c4 20 5b 48 ff e0
0x00007ffcd680a2e0:   48 8d 05 49 00 00 00 48 8b cb 48 89 05 2f 0d b3
0x00007ffcd680a2f0:   00 48 83 c4 20 5b 48 ff e0 48 8d 05 30 00 00 00
0x00007ffcd680a300:   48 8b cb 48 89 05 16 0d b3 00 48 83 c4 20 5b 48
0x00007ffcd680a310:   ff e0 48 8d 05 17 00 00 00 48 8b cb 48 89 05 fd
0x00007ffcd680a320:   0c b3 00 48 83 c4 20 5b 48 ff e0 cc cc cc cc cc
0x00007ffcd680a330:   48 8b 01 c3 cc cc cc cc cc cc cc cc cc cc cc cc
0x00007ffcd680a340:   48 89 5c 24 08 57 48 83 ec 20 48 8b 39 48 8b d9
0x00007ffcd680a350:   48 85 3d a1 90 be 00 75 0e 48 8b c7 48 8b 5c 24
0x00007ffcd680a360:   30 48 83 c4 20 5f c3 48 8b cf e8 c1 0e 87 00 48
0x00007ffcd680a370:   8b d0 48 85 c0 74 20 48 8b c7 f0 48 0f b1 13 74
0x00007ffcd680a380:   16 48 85 05 70 90 be 00 74 0d 48 8b c8 f0 48 0f
0x00007ffcd680a390:   b1 13 48 3b c1 75 ea 48 8b 5c 24 30 48 8b c2 48
0x00007ffcd680a3a0:   83 c4 20 5f c3 cc cc cc cc cc cc cc cc cc cc cc
0x00007ffcd680a3b0:   8b 44 24 30 45 03 c9 44 2b 4c 24 28 83 c0 0b 44
0x00007ffcd680a3c0:   03 ca 45 03 c8 41 03 c1 c3 cc cc cc cc cc cc cc
0x00007ffcd680a3d0:   48 8b 41 08 0f b7 48 2a 0f b7 40 28 83 c0 48 03
0x00007ffcd680a3e0:   c1 c3 cc cc cc cc cc cc cc cc cc cc cc cc cc cc
0x00007ffcd680a3f0:   48 89 5c 24 08 57 48 83 ec 20 0f b6 05 3f 98 be
0x00007ffcd680a400:   00 48 8b fa 48 8b d9 84 c0 74 4f 48 85 15 e6 8f
0x00007ffcd680a410:   be 00 74 38 48 8b ca e8 24 11 87 00 48 8b d0 48
0x00007ffcd680a420:   85 db 74 25 48 85 c0 74 20 48 8b c7 f0 48 0f b1 


Stack slot to memory mapping:
stack at sp + 0 slots: 0x00007ffcd6c417a7 jvm.dll
stack at sp + 1 slots: 0x0 is NULL
stack at sp + 2 slots: 0x0 is NULL
stack at sp + 3 slots: 0x0000000000000001 is an unknown value
stack at sp + 4 slots: 0x00007ffd5f7f8a30 msvcrt.dll
stack at sp + 5 slots: 0x0000001bb5fff190 is pointing into the stack for thread: 0x000001ea241a0b70
stack at sp + 6 slots: 0x000000006f3c4000 nativeLib.dll
stack at sp + 7 slots: 0x000001ea241a0e50 points into unknown readable memory: 0x00007ffcd73466d0 | d0 66 34 d7 fc 7f 00 00


---------------  P R O C E S S  ---------------

Threads class SMR info:
_java_thread_list=0x000001ea88d206f0, length=11, elements={
0x000001ea241a0b70, 0x000001ea438a1d20, 0x000001ea438a2920, 0x000001ea438a39e0,
0x000001ea438a67d0, 0x000001ea438a9120, 0x000001ea438a9a60, 0x000001ea438ab410,
0x000001ea438bcaf0, 0x000001ea88d1c190, 0x000001ea88d23790
}

Java Threads: ( => current thread )
=>0x000001ea241a0b70 JavaThread "main" [_thread_in_vm, id=10648, stack(0x0000001bb5f00000,0x0000001bb6000000)]
  0x000001ea438a1d20 JavaThread "Reference Handler" daemon [_thread_blocked, id=8256, stack(0x0000001bb6600000,0x0000001bb6700000)]
  0x000001ea438a2920 JavaThread "Finalizer" daemon [_thread_blocked, id=12780, stack(0x0000001bb6700000,0x0000001bb6800000)]
  0x000001ea438a39e0 JavaThread "Signal Dispatcher" daemon [_thread_blocked, id=10232, stack(0x0000001bb6800000,0x0000001bb6900000)]
  0x000001ea438a67d0 JavaThread "Attach Listener" daemon [_thread_blocked, id=9316, stack(0x0000001bb6900000,0x0000001bb6a00000)]
  0x000001ea438a9120 JavaThread "Service Thread" daemon [_thread_blocked, id=16224, stack(0x0000001bb6a00000,0x0000001bb6b00000)]
  0x000001ea438a9a60 JavaThread "Monitor Deflation Thread" daemon [_thread_blocked, id=13172, stack(0x0000001bb6b00000,0x0000001bb6c00000)]
  0x000001ea438ab410 JavaThread "C2 CompilerThread0" daemon [_thread_blocked, id=11440, stack(0x0000001bb6c00000,0x0000001bb6d00000)]
  0x000001ea438bcaf0 JavaThread "C1 CompilerThread0" daemon [_thread_blocked, id=6380, stack(0x0000001bb6d00000,0x0000001bb6e00000)]
  0x000001ea88d1c190 JavaThread "Notification Thread" daemon [_thread_blocked, id=13360, stack(0x0000001bb6e00000,0x0000001bb6f00000)]
  0x000001ea88d23790 JavaThread "Common-Cleaner" daemon [_thread_blocked, id=1760, stack(0x0000001bb7000000,0x0000001bb7100000)]

Other Threads:
  0x000001ea43881050 VMThread "VM Thread" [stack: 0x0000001bb6500000,0x0000001bb6600000] [id=12528]
  0x000001ea88d1f320 WatcherThread "VM Periodic Task Thread" [stack: 0x0000001bb6f00000,0x0000001bb7000000] [id=8792]
  0x000001ea2420f6f0 WorkerThread "GC Thread#0" [stack: 0x0000001bb6000000,0x0000001bb6100000] [id=15488]
  0x000001ea2421fad0 ConcurrentGCThread "G1 Main Marker" [stack: 0x0000001bb6100000,0x0000001bb6200000] [id=3228]
  0x000001ea242205b0 WorkerThread "G1 Conc#0" [stack: 0x0000001bb6200000,0x0000001bb6300000] [id=16592]
  0x000001ea437429d0 ConcurrentGCThread "G1 Refine#0" [stack: 0x0000001bb6300000,0x0000001bb6400000] [id=12148]
  0x000001ea43743280 ConcurrentGCThread "G1 Service" [stack: 0x0000001bb6400000,0x0000001bb6500000] [id=16252]

Threads with active compile tasks:

VM state: not at safepoint (normal execution)

VM Mutex/Monitor currently owned by a thread: None

Heap address: 0x000000070a400000, size: 3932 MB, Compressed Oops mode: Zero based, Oop shift amount: 3

CDS archive(s) mapped at: [0x000001ea43c00000-0x000001ea44860000-0x000001ea44860000), size 12976128, SharedBaseAddress: 0x000001ea43c00000, ArchiveRelocationMode: 1.
Compressed class space mapped at: 0x000001ea44c00000-0x000001ea84c00000, reserved size: 1073741824
Narrow klass base: 0x000001ea43c00000, Narrow klass shift: 0, Narrow klass range: 0x100000000

GC Precious Log:
 CardTable entry size: 512
 Card Set container configuration: InlinePtr #cards 4 size 8 Array Of Cards #cards 16 size 48 Howl #buckets 8 coarsen threshold 3686 Howl Bitmap #cards 512 size 80 coarsen threshold 460 Card regions per heap region 1 cards per card region 4096
 CPUs: 12 total, 12 available
 Memory: 15722M
 Large Page Support: Disabled
 NUMA Support: Disabled
 Compressed Oops: Enabled (Zero based)
 Heap Region Size: 2M
 Heap Min Capacity: 8M
 Heap Initial Capacity: 246M
 Heap Max Capacity: 3932M
 Pre-touch: Disabled
 Parallel Workers: 10
 Concurrent Workers: 3
 Concurrent Refinement Workers: 10
 Periodic GC: Disabled

Heap:
 garbage-first heap   total 251904K, used 2048K [0x000000070a400000, 0x0000000800000000)
  region size 2048K, 2 young (4096K), 0 survivors (0K)
 Metaspace       used 144K, committed 384K, reserved 1114112K
  class space    used 6K, committed 128K, reserved 1048576K

Heap Regions: E=young(eden), S=young(survivor), O=old, HS=humongous(starts), HC=humongous(continues), CS=collection set, F=free, OA=open archive, CA=closed archive, TAMS=top-at-mark-start, PB=parsable bottom
|   0|0x000000070a400000, 0x000000070a400000, 0x000000070a600000|  0%| F|  |TAMS 0x000000070a400000| PB 0x000000070a400000| Untracked 
|   1|0x000000070a600000, 0x000000070a600000, 0x000000070a800000|  0%| F|  |TAMS 0x000000070a600000| PB 0x000000070a600000| Untracked 
|   2|0x000000070a800000, 0x000000070a800000, 0x000000070aa00000|  0%| F|  |TAMS 0x000000070a800000| PB 0x000000070a800000| Untracked 
|   3|0x000000070aa00000, 0x000000070aa00000, 0x000000070ac00000|  0%| F|  |TAMS 0x000000070aa00000| PB 0x000000070aa00000| Untracked 
|   4|0x000000070ac00000, 0x000000070ac00000, 0x000000070ae00000|  0%| F|  |TAMS 0x000000070ac00000| PB 0x000000070ac00000| Untracked 
|   5|0x000000070ae00000, 0x000000070ae00000, 0x000000070b000000|  0%| F|  |TAMS 0x000000070ae00000| PB 0x000000070ae00000| Untracked 
|   6|0x000000070b000000, 0x000000070b000000, 0x000000070b200000|  0%| F|  |TAMS 0x000000070b000000| PB 0x000000070b000000| Untracked 
|   7|0x000000070b200000, 0x000000070b200000, 0x000000070b400000|  0%| F|  |TAMS 0x000000070b200000| PB 0x000000070b200000| Untracked 
|   8|0x000000070b400000, 0x000000070b400000, 0x000000070b600000|  0%| F|  |TAMS 0x000000070b400000| PB 0x000000070b400000| Untracked 
|   9|0x000000070b600000, 0x000000070b600000, 0x000000070b800000|  0%| F|  |TAMS 0x000000070b600000| PB 0x000000070b600000| Untracked 
|  10|0x000000070b800000, 0x000000070b800000, 0x000000070ba00000|  0%| F|  |TAMS 0x000000070b800000| PB 0x000000070b800000| Untracked 
|  11|0x000000070ba00000, 0x000000070ba00000, 0x000000070bc00000|  0%| F|  |TAMS 0x000000070ba00000| PB 0x000000070ba00000| Untracked 
|  12|0x000000070bc00000, 0x000000070bc00000, 0x000000070be00000|  0%| F|  |TAMS 0x000000070bc00000| PB 0x000000070bc00000| Untracked 
|  13|0x000000070be00000, 0x000000070be00000, 0x000000070c000000|  0%| F|  |TAMS 0x000000070be00000| PB 0x000000070be00000| Untracked 
|  14|0x000000070c000000, 0x000000070c000000, 0x000000070c200000|  0%| F|  |TAMS 0x000000070c000000| PB 0x000000070c000000| Untracked 
|  15|0x000000070c200000, 0x000000070c200000, 0x000000070c400000|  0%| F|  |TAMS 0x000000070c200000| PB 0x000000070c200000| Untracked 
|  16|0x000000070c400000, 0x000000070c400000, 0x000000070c600000|  0%| F|  |TAMS 0x000000070c400000| PB 0x000000070c400000| Untracked 
|  17|0x000000070c600000, 0x000000070c600000, 0x000000070c800000|  0%| F|  |TAMS 0x000000070c600000| PB 0x000000070c600000| Untracked 
|  18|0x000000070c800000, 0x000000070c800000, 0x000000070ca00000|  0%| F|  |TAMS 0x000000070c800000| PB 0x000000070c800000| Untracked 
|  19|0x000000070ca00000, 0x000000070ca00000, 0x000000070cc00000|  0%| F|  |TAMS 0x000000070ca00000| PB 0x000000070ca00000| Untracked 
|  20|0x000000070cc00000, 0x000000070cc00000, 0x000000070ce00000|  0%| F|  |TAMS 0x000000070cc00000| PB 0x000000070cc00000| Untracked 
|  21|0x000000070ce00000, 0x000000070ce00000, 0x000000070d000000|  0%| F|  |TAMS 0x000000070ce00000| PB 0x000000070ce00000| Untracked 
|  22|0x000000070d000000, 0x000000070d000000, 0x000000070d200000|  0%| F|  |TAMS 0x000000070d000000| PB 0x000000070d000000| Untracked 
|  23|0x000000070d200000, 0x000000070d200000, 0x000000070d400000|  0%| F|  |TAMS 0x000000070d200000| PB 0x000000070d200000| Untracked 
|  24|0x000000070d400000, 0x000000070d400000, 0x000000070d600000|  0%| F|  |TAMS 0x000000070d400000| PB 0x000000070d400000| Untracked 
|  25|0x000000070d600000, 0x000000070d600000, 0x000000070d800000|  0%| F|  |TAMS 0x000000070d600000| PB 0x000000070d600000| Untracked 
|  26|0x000000070d800000, 0x000000070d800000, 0x000000070da00000|  0%| F|  |TAMS 0x000000070d800000| PB 0x000000070d800000| Untracked 
|  27|0x000000070da00000, 0x000000070da00000, 0x000000070dc00000|  0%| F|  |TAMS 0x000000070da00000| PB 0x000000070da00000| Untracked 
|  28|0x000000070dc00000, 0x000000070dc00000, 0x000000070de00000|  0%| F|  |TAMS 0x000000070dc00000| PB 0x000000070dc00000| Untracked 
|  29|0x000000070de00000, 0x000000070de00000, 0x000000070e000000|  0%| F|  |TAMS 0x000000070de00000| PB 0x000000070de00000| Untracked 
|  30|0x000000070e000000, 0x000000070e000000, 0x000000070e200000|  0%| F|  |TAMS 0x000000070e000000| PB 0x000000070e000000| Untracked 
|  31|0x000000070e200000, 0x000000070e200000, 0x000000070e400000|  0%| F|  |TAMS 0x000000070e200000| PB 0x000000070e200000| Untracked 
|  32|0x000000070e400000, 0x000000070e400000, 0x000000070e600000|  0%| F|  |TAMS 0x000000070e400000| PB 0x000000070e400000| Untracked 
|  33|0x000000070e600000, 0x000000070e600000, 0x000000070e800000|  0%| F|  |TAMS 0x000000070e600000| PB 0x000000070e600000| Untracked 
|  34|0x000000070e800000, 0x000000070e800000, 0x000000070ea00000|  0%| F|  |TAMS 0x000000070e800000| PB 0x000000070e800000| Untracked 
|  35|0x000000070ea00000, 0x000000070ea00000, 0x000000070ec00000|  0%| F|  |TAMS 0x000000070ea00000| PB 0x000000070ea00000| Untracked 
|  36|0x000000070ec00000, 0x000000070ec00000, 0x000000070ee00000|  0%| F|  |TAMS 0x000000070ec00000| PB 0x000000070ec00000| Untracked 
|  37|0x000000070ee00000, 0x000000070ee00000, 0x000000070f000000|  0%| F|  |TAMS 0x000000070ee00000| PB 0x000000070ee00000| Untracked 
|  38|0x000000070f000000, 0x000000070f000000, 0x000000070f200000|  0%| F|  |TAMS 0x000000070f000000| PB 0x000000070f000000| Untracked 
|  39|0x000000070f200000, 0x000000070f200000, 0x000000070f400000|  0%| F|  |TAMS 0x000000070f200000| PB 0x000000070f200000| Untracked 
|  40|0x000000070f400000, 0x000000070f400000, 0x000000070f600000|  0%| F|  |TAMS 0x000000070f400000| PB 0x000000070f400000| Untracked 
|  41|0x000000070f600000, 0x000000070f600000, 0x000000070f800000|  0%| F|  |TAMS 0x000000070f600000| PB 0x000000070f600000| Untracked 
|  42|0x000000070f800000, 0x000000070f800000, 0x000000070fa00000|  0%| F|  |TAMS 0x000000070f800000| PB 0x000000070f800000| Untracked 
|  43|0x000000070fa00000, 0x000000070fa00000, 0x000000070fc00000|  0%| F|  |TAMS 0x000000070fa00000| PB 0x000000070fa00000| Untracked 
|  44|0x000000070fc00000, 0x000000070fc00000, 0x000000070fe00000|  0%| F|  |TAMS 0x000000070fc00000| PB 0x000000070fc00000| Untracked 
|  45|0x000000070fe00000, 0x000000070fe00000, 0x0000000710000000|  0%| F|  |TAMS 0x000000070fe00000| PB 0x000000070fe00000| Untracked 
|  46|0x0000000710000000, 0x0000000710000000, 0x0000000710200000|  0%| F|  |TAMS 0x0000000710000000| PB 0x0000000710000000| Untracked 
|  47|0x0000000710200000, 0x0000000710200000, 0x0000000710400000|  0%| F|  |TAMS 0x0000000710200000| PB 0x0000000710200000| Untracked 
|  48|0x0000000710400000, 0x0000000710400000, 0x0000000710600000|  0%| F|  |TAMS 0x0000000710400000| PB 0x0000000710400000| Untracked 
|  49|0x0000000710600000, 0x0000000710600000, 0x0000000710800000|  0%| F|  |TAMS 0x0000000710600000| PB 0x0000000710600000| Untracked 
|  50|0x0000000710800000, 0x0000000710800000, 0x0000000710a00000|  0%| F|  |TAMS 0x0000000710800000| PB 0x0000000710800000| Untracked 
|  51|0x0000000710a00000, 0x0000000710a00000, 0x0000000710c00000|  0%| F|  |TAMS 0x0000000710a00000| PB 0x0000000710a00000| Untracked 
|  52|0x0000000710c00000, 0x0000000710c00000, 0x0000000710e00000|  0%| F|  |TAMS 0x0000000710c00000| PB 0x0000000710c00000| Untracked 
|  53|0x0000000710e00000, 0x0000000710e00000, 0x0000000711000000|  0%| F|  |TAMS 0x0000000710e00000| PB 0x0000000710e00000| Untracked 
|  54|0x0000000711000000, 0x0000000711000000, 0x0000000711200000|  0%| F|  |TAMS 0x0000000711000000| PB 0x0000000711000000| Untracked 
|  55|0x0000000711200000, 0x0000000711200000, 0x0000000711400000|  0%| F|  |TAMS 0x0000000711200000| PB 0x0000000711200000| Untracked 
|  56|0x0000000711400000, 0x0000000711400000, 0x0000000711600000|  0%| F|  |TAMS 0x0000000711400000| PB 0x0000000711400000| Untracked 
|  57|0x0000000711600000, 0x0000000711600000, 0x0000000711800000|  0%| F|  |TAMS 0x0000000711600000| PB 0x0000000711600000| Untracked 
|  58|0x0000000711800000, 0x0000000711800000, 0x0000000711a00000|  0%| F|  |TAMS 0x0000000711800000| PB 0x0000000711800000| Untracked 
|  59|0x0000000711a00000, 0x0000000711a00000, 0x0000000711c00000|  0%| F|  |TAMS 0x0000000711a00000| PB 0x0000000711a00000| Untracked 
|  60|0x0000000711c00000, 0x0000000711c00000, 0x0000000711e00000|  0%| F|  |TAMS 0x0000000711c00000| PB 0x0000000711c00000| Untracked 
|  61|0x0000000711e00000, 0x0000000711e00000, 0x0000000712000000|  0%| F|  |TAMS 0x0000000711e00000| PB 0x0000000711e00000| Untracked 
|  62|0x0000000712000000, 0x0000000712000000, 0x0000000712200000|  0%| F|  |TAMS 0x0000000712000000| PB 0x0000000712000000| Untracked 
|  63|0x0000000712200000, 0x0000000712200000, 0x0000000712400000|  0%| F|  |TAMS 0x0000000712200000| PB 0x0000000712200000| Untracked 
|  64|0x0000000712400000, 0x0000000712400000, 0x0000000712600000|  0%| F|  |TAMS 0x0000000712400000| PB 0x0000000712400000| Untracked 
|  65|0x0000000712600000, 0x0000000712600000, 0x0000000712800000|  0%| F|  |TAMS 0x0000000712600000| PB 0x0000000712600000| Untracked 
|  66|0x0000000712800000, 0x0000000712800000, 0x0000000712a00000|  0%| F|  |TAMS 0x0000000712800000| PB 0x0000000712800000| Untracked 
|  67|0x0000000712a00000, 0x0000000712a00000, 0x0000000712c00000|  0%| F|  |TAMS 0x0000000712a00000| PB 0x0000000712a00000| Untracked 
|  68|0x0000000712c00000, 0x0000000712c00000, 0x0000000712e00000|  0%| F|  |TAMS 0x0000000712c00000| PB 0x0000000712c00000| Untracked 
|  69|0x0000000712e00000, 0x0000000712e00000, 0x0000000713000000|  0%| F|  |TAMS 0x0000000712e00000| PB 0x0000000712e00000| Untracked 
|  70|0x0000000713000000, 0x0000000713000000, 0x0000000713200000|  0%| F|  |TAMS 0x0000000713000000| PB 0x0000000713000000| Untracked 
|  71|0x0000000713200000, 0x0000000713200000, 0x0000000713400000|  0%| F|  |TAMS 0x0000000713200000| PB 0x0000000713200000| Untracked 
|  72|0x0000000713400000, 0x0000000713400000, 0x0000000713600000|  0%| F|  |TAMS 0x0000000713400000| PB 0x0000000713400000| Untracked 
|  73|0x0000000713600000, 0x0000000713600000, 0x0000000713800000|  0%| F|  |TAMS 0x0000000713600000| PB 0x0000000713600000| Untracked 
|  74|0x0000000713800000, 0x0000000713800000, 0x0000000713a00000|  0%| F|  |TAMS 0x0000000713800000| PB 0x0000000713800000| Untracked 
|  75|0x0000000713a00000, 0x0000000713a00000, 0x0000000713c00000|  0%| F|  |TAMS 0x0000000713a00000| PB 0x0000000713a00000| Untracked 
|  76|0x0000000713c00000, 0x0000000713c00000, 0x0000000713e00000|  0%| F|  |TAMS 0x0000000713c00000| PB 0x0000000713c00000| Untracked 
|  77|0x0000000713e00000, 0x0000000713e00000, 0x0000000714000000|  0%| F|  |TAMS 0x0000000713e00000| PB 0x0000000713e00000| Untracked 
|  78|0x0000000714000000, 0x0000000714000000, 0x0000000714200000|  0%| F|  |TAMS 0x0000000714000000| PB 0x0000000714000000| Untracked 
|  79|0x0000000714200000, 0x0000000714200000, 0x0000000714400000|  0%| F|  |TAMS 0x0000000714200000| PB 0x0000000714200000| Untracked 
|  80|0x0000000714400000, 0x0000000714400000, 0x0000000714600000|  0%| F|  |TAMS 0x0000000714400000| PB 0x0000000714400000| Untracked 
|  81|0x0000000714600000, 0x0000000714600000, 0x0000000714800000|  0%| F|  |TAMS 0x0000000714600000| PB 0x0000000714600000| Untracked 
|  82|0x0000000714800000, 0x0000000714800000, 0x0000000714a00000|  0%| F|  |TAMS 0x0000000714800000| PB 0x0000000714800000| Untracked 
|  83|0x0000000714a00000, 0x0000000714a00000, 0x0000000714c00000|  0%| F|  |TAMS 0x0000000714a00000| PB 0x0000000714a00000| Untracked 
|  84|0x0000000714c00000, 0x0000000714c00000, 0x0000000714e00000|  0%| F|  |TAMS 0x0000000714c00000| PB 0x0000000714c00000| Untracked 
|  85|0x0000000714e00000, 0x0000000714e00000, 0x0000000715000000|  0%| F|  |TAMS 0x0000000714e00000| PB 0x0000000714e00000| Untracked 
|  86|0x0000000715000000, 0x0000000715000000, 0x0000000715200000|  0%| F|  |TAMS 0x0000000715000000| PB 0x0000000715000000| Untracked 
|  87|0x0000000715200000, 0x0000000715200000, 0x0000000715400000|  0%| F|  |TAMS 0x0000000715200000| PB 0x0000000715200000| Untracked 
|  88|0x0000000715400000, 0x0000000715400000, 0x0000000715600000|  0%| F|  |TAMS 0x0000000715400000| PB 0x0000000715400000| Untracked 
|  89|0x0000000715600000, 0x0000000715600000, 0x0000000715800000|  0%| F|  |TAMS 0x0000000715600000| PB 0x0000000715600000| Untracked 
|  90|0x0000000715800000, 0x0000000715800000, 0x0000000715a00000|  0%| F|  |TAMS 0x0000000715800000| PB 0x0000000715800000| Untracked 
|  91|0x0000000715a00000, 0x0000000715a00000, 0x0000000715c00000|  0%| F|  |TAMS 0x0000000715a00000| PB 0x0000000715a00000| Untracked 
|  92|0x0000000715c00000, 0x0000000715c00000, 0x0000000715e00000|  0%| F|  |TAMS 0x0000000715c00000| PB 0x0000000715c00000| Untracked 
|  93|0x0000000715e00000, 0x0000000715e00000, 0x0000000716000000|  0%| F|  |TAMS 0x0000000715e00000| PB 0x0000000715e00000| Untracked 
|  94|0x0000000716000000, 0x0000000716000000, 0x0000000716200000|  0%| F|  |TAMS 0x0000000716000000| PB 0x0000000716000000| Untracked 
|  95|0x0000000716200000, 0x0000000716200000, 0x0000000716400000|  0%| F|  |TAMS 0x0000000716200000| PB 0x0000000716200000| Untracked 
|  96|0x0000000716400000, 0x0000000716400000, 0x0000000716600000|  0%| F|  |TAMS 0x0000000716400000| PB 0x0000000716400000| Untracked 
|  97|0x0000000716600000, 0x0000000716600000, 0x0000000716800000|  0%| F|  |TAMS 0x0000000716600000| PB 0x0000000716600000| Untracked 
|  98|0x0000000716800000, 0x0000000716800000, 0x0000000716a00000|  0%| F|  |TAMS 0x0000000716800000| PB 0x0000000716800000| Untracked 
|  99|0x0000000716a00000, 0x0000000716a00000, 0x0000000716c00000|  0%| F|  |TAMS 0x0000000716a00000| PB 0x0000000716a00000| Untracked 
| 100|0x0000000716c00000, 0x0000000716c00000, 0x0000000716e00000|  0%| F|  |TAMS 0x0000000716c00000| PB 0x0000000716c00000| Untracked 
| 101|0x0000000716e00000, 0x0000000716e00000, 0x0000000717000000|  0%| F|  |TAMS 0x0000000716e00000| PB 0x0000000716e00000| Untracked 
| 102|0x0000000717000000, 0x0000000717000000, 0x0000000717200000|  0%| F|  |TAMS 0x0000000717000000| PB 0x0000000717000000| Untracked 
| 103|0x0000000717200000, 0x0000000717200000, 0x0000000717400000|  0%| F|  |TAMS 0x0000000717200000| PB 0x0000000717200000| Untracked 
| 104|0x0000000717400000, 0x0000000717400000, 0x0000000717600000|  0%| F|  |TAMS 0x0000000717400000| PB 0x0000000717400000| Untracked 
| 105|0x0000000717600000, 0x0000000717600000, 0x0000000717800000|  0%| F|  |TAMS 0x0000000717600000| PB 0x0000000717600000| Untracked 
| 106|0x0000000717800000, 0x0000000717800000, 0x0000000717a00000|  0%| F|  |TAMS 0x0000000717800000| PB 0x0000000717800000| Untracked 
| 107|0x0000000717a00000, 0x0000000717a00000, 0x0000000717c00000|  0%| F|  |TAMS 0x0000000717a00000| PB 0x0000000717a00000| Untracked 
| 108|0x0000000717c00000, 0x0000000717c00000, 0x0000000717e00000|  0%| F|  |TAMS 0x0000000717c00000| PB 0x0000000717c00000| Untracked 
| 109|0x0000000717e00000, 0x0000000717e00000, 0x0000000718000000|  0%| F|  |TAMS 0x0000000717e00000| PB 0x0000000717e00000| Untracked 
| 110|0x0000000718000000, 0x0000000718000000, 0x0000000718200000|  0%| F|  |TAMS 0x0000000718000000| PB 0x0000000718000000| Untracked 
| 111|0x0000000718200000, 0x0000000718200000, 0x0000000718400000|  0%| F|  |TAMS 0x0000000718200000| PB 0x0000000718200000| Untracked 
| 112|0x0000000718400000, 0x0000000718400000, 0x0000000718600000|  0%| F|  |TAMS 0x0000000718400000| PB 0x0000000718400000| Untracked 
| 113|0x0000000718600000, 0x0000000718600000, 0x0000000718800000|  0%| F|  |TAMS 0x0000000718600000| PB 0x0000000718600000| Untracked 
| 114|0x0000000718800000, 0x0000000718800000, 0x0000000718a00000|  0%| F|  |TAMS 0x0000000718800000| PB 0x0000000718800000| Untracked 
| 115|0x0000000718a00000, 0x0000000718a00000, 0x0000000718c00000|  0%| F|  |TAMS 0x0000000718a00000| PB 0x0000000718a00000| Untracked 
| 116|0x0000000718c00000, 0x0000000718c00000, 0x0000000718e00000|  0%| F|  |TAMS 0x0000000718c00000| PB 0x0000000718c00000| Untracked 
| 117|0x0000000718e00000, 0x0000000718e00000, 0x0000000719000000|  0%| F|  |TAMS 0x0000000718e00000| PB 0x0000000718e00000| Untracked 
| 118|0x0000000719000000, 0x0000000719000000, 0x0000000719200000|  0%| F|  |TAMS 0x0000000719000000| PB 0x0000000719000000| Untracked 
| 119|0x0000000719200000, 0x0000000719200000, 0x0000000719400000|  0%| F|  |TAMS 0x0000000719200000| PB 0x0000000719200000| Untracked 
| 120|0x0000000719400000, 0x0000000719400000, 0x0000000719600000|  0%| F|  |TAMS 0x0000000719400000| PB 0x0000000719400000| Untracked 
| 121|0x0000000719600000, 0x0000000719671258, 0x0000000719800000| 22%| E|  |TAMS 0x0000000719600000| PB 0x0000000719600000| Complete 
| 122|0x0000000719800000, 0x0000000719a00000, 0x0000000719a00000|100%| E|CS|TAMS 0x0000000719800000| PB 0x0000000719800000| Complete 

Card table byte_map: [0x000001ea3bf70000,0x000001ea3c720000] _byte_map_base: 0x000001ea3871e000

Marking Bits: (CMBitMap*) 0x000001ea2420fc30
 Bits: [0x000001ea3ced0000, 0x000001ea40c40000)

Polling page: 0x000001ea22180000

Metaspace:

Usage:
  Non-class:    138.15 KB used.
      Class:      6.35 KB used.
       Both:    144.50 KB used.

Virtual space:
  Non-class space:       64.00 MB reserved,     256.00 KB ( <1%) committed,  1 nodes.
      Class space:        1.00 GB reserved,     128.00 KB ( <1%) committed,  1 nodes.
             Both:        1.06 GB reserved,     384.00 KB ( <1%) committed. 

Chunk freelists:
   Non-Class:  4.00 MB
       Class:  3.75 MB
        Both:  7.74 MB

MaxMetaspaceSize: unlimited
CompressedClassSpaceSize: 1.00 GB
Initial GC threshold: 21.00 MB
Current GC threshold: 21.00 MB
CDS: on
MetaspaceReclaimPolicy: balanced
 - commit_granule_bytes: 65536.
 - commit_granule_words: 8192.
 - virtual_space_node_default_size: 8388608.
 - enlarge_chunks_in_place: 1.
 - new_chunks_are_fully_committed: 0.
 - uncommit_free_chunks: 1.
 - use_allocation_guard: 0.


Internal statistics:

num_allocs_failed_limit: 0.
num_arena_births: 4.
num_arena_deaths: 0.
num_vsnodes_births: 2.
num_vsnodes_deaths: 0.
num_space_committed: 6.
num_space_uncommitted: 0.
num_chunks_returned_to_freelist: 0.
num_chunks_taken_from_freelist: 5.
num_chunk_merges: 0.
num_chunk_splits: 2.
num_chunks_enlarged: 0.
num_inconsistent_stats: 0.

CodeHeap 'non-profiled nmethods': size=120000Kb used=14Kb max_used=14Kb free=119985Kb
 bounds [0x000001ea33d40000, 0x000001ea33fb0000, 0x000001ea3b270000]
CodeHeap 'profiled nmethods': size=120000Kb used=84Kb max_used=84Kb free=119915Kb
 bounds [0x000001ea2c270000, 0x000001ea2c4e0000, 0x000001ea337a0000]
CodeHeap 'non-nmethods': size=5760Kb used=1230Kb max_used=1230Kb free=4530Kb
 bounds [0x000001ea337a0000, 0x000001ea33a10000, 0x000001ea33d40000]
 total_blobs=366 nmethods=67 adapters=210
 compilation: enabled
              stopped_count=0, restarted_count=0
 full_count=0

Compilation events (20 events):
Event: 0.086 Thread 0x000001ea438bcaf0   47       3       java.util.ImmutableCollections$SetN$SetNIterator::<init> (36 bytes)
Event: 0.086 Thread 0x000001ea438bcaf0 nmethod 47 0x000001ea2c283810 code [0x000001ea2c2839a0, 0x000001ea2c283ba8]
Event: 0.086 Thread 0x000001ea438bcaf0   58       1       java.lang.module.ModuleDescriptor::isAutomatic (5 bytes)
Event: 0.086 Thread 0x000001ea438bcaf0 nmethod 58 0x000001ea33d42f90 code [0x000001ea33d43100, 0x000001ea33d431d0]
Event: 0.086 Thread 0x000001ea438bcaf0   62       1       java.util.ImmutableCollections$Set12::isEmpty (2 bytes)
Event: 0.087 Thread 0x000001ea438bcaf0 nmethod 62 0x000001ea33d43290 code [0x000001ea33d43400, 0x000001ea33d434c8]
Event: 0.087 Thread 0x000001ea438bcaf0   61       1       java.lang.module.ResolvedModule::configuration (5 bytes)
Event: 0.087 Thread 0x000001ea438bcaf0 nmethod 61 0x000001ea33d43590 code [0x000001ea33d43700, 0x000001ea33d437d0]
Event: 0.087 Thread 0x000001ea438bcaf0   60       1       java.lang.module.ModuleDescriptor$Exports::targets (5 bytes)
Event: 0.087 Thread 0x000001ea438bcaf0 nmethod 60 0x000001ea33d43890 code [0x000001ea33d43a00, 0x000001ea33d43ad0]
Event: 0.088 Thread 0x000001ea438bcaf0   63       3       java.lang.AbstractStringBuilder::ensureCapacityInternal (39 bytes)
Event: 0.089 Thread 0x000001ea438bcaf0 nmethod 63 0x000001ea2c283c90 code [0x000001ea2c283e40, 0x000001ea2c284070]
Event: 0.089 Thread 0x000001ea438bcaf0   64       3       java.lang.String::isEmpty (14 bytes)
Event: 0.089 Thread 0x000001ea438bcaf0 nmethod 64 0x000001ea2c284190 code [0x000001ea2c284320, 0x000001ea2c284498]
Event: 0.092 Thread 0x000001ea438bcaf0   65       3       java.lang.Math::min (11 bytes)
Event: 0.092 Thread 0x000001ea438bcaf0 nmethod 65 0x000001ea2c284590 code [0x000001ea2c284720, 0x000001ea2c284860]
Event: 0.093 Thread 0x000001ea438bcaf0   66       3       java.lang.StringLatin1::canEncode (13 bytes)
Event: 0.094 Thread 0x000001ea438bcaf0 nmethod 66 0x000001ea2c284910 code [0x000001ea2c284aa0, 0x000001ea2c284bf0]
Event: 0.097 Thread 0x000001ea438bcaf0   67       3       java.lang.StringLatin1::indexOfChar (33 bytes)
Event: 0.097 Thread 0x000001ea438bcaf0 nmethod 67 0x000001ea2c284c90 code [0x000001ea2c284e20, 0x000001ea2c285058]

GC Heap History (0 events):
No events

Dll operation events (3 events):
Event: 0.013 Loaded shared library C:\Program Files\Java\jdk-20\bin\java.dll
Event: 0.041 Loaded shared library C:\Program Files\Java\jdk-20\bin\jsvml.dll
Event: 0.097 Loaded shared library C:\Study\3_course\Java_Optimization\Task_3\src\main\c\nativeLib.dll

Deoptimization events (0 events):
No events

Classes loaded (12 events):
Event: 0.052 Loading class sun/nio/cs/MS1251
Event: 0.052 Loading class sun/nio/cs/MS1251 done
Event: 0.053 Loading class sun/nio/cs/MS1251$Holder
Event: 0.053 Loading class sun/nio/cs/MS1251$Holder done
Event: 0.056 Loading class sun/nio/cs/IBM866
Event: 0.056 Loading class sun/nio/cs/IBM866 done
Event: 0.057 Loading class sun/nio/cs/IBM866$Holder
Event: 0.057 Loading class sun/nio/cs/IBM866$Holder done
Event: 0.088 Loading class jdk/internal/loader/URLClassPath$FileLoader
Event: 0.088 Loading class jdk/internal/loader/URLClassPath$FileLoader done
Event: 0.089 Loading class jdk/internal/loader/URLClassPath$FileLoader$1
Event: 0.089 Loading class jdk/internal/loader/URLClassPath$FileLoader$1 done

Classes unloaded (0 events):
No events

Classes redefined (0 events):
No events

Internal exceptions (1 events):
Event: 0.101 Thread 0x000001ea241a0b70 Exception <a 'java/lang/NoClassDefFoundError'{0x00000007199e54a0}: java/land/Exception> (0x00000007199e54a0) 
thrown [s\open\src\hotspot\share\classfile\systemDictionary.cpp, line 294]

VM Operations (0 events):
No events

Events (11 events):
Event: 0.041 Thread 0x000001ea241a0b70 Thread added: 0x000001ea241a0b70
Event: 0.059 Thread 0x000001ea438a1d20 Thread added: 0x000001ea438a1d20
Event: 0.059 Thread 0x000001ea438a2920 Thread added: 0x000001ea438a2920
Event: 0.059 Thread 0x000001ea438a39e0 Thread added: 0x000001ea438a39e0
Event: 0.059 Thread 0x000001ea438a67d0 Thread added: 0x000001ea438a67d0
Event: 0.060 Thread 0x000001ea438a9120 Thread added: 0x000001ea438a9120
Event: 0.060 Thread 0x000001ea438a9a60 Thread added: 0x000001ea438a9a60
Event: 0.060 Thread 0x000001ea438ab410 Thread added: 0x000001ea438ab410
Event: 0.060 Thread 0x000001ea438bcaf0 Thread added: 0x000001ea438bcaf0
Event: 0.087 Thread 0x000001ea88d1c190 Thread added: 0x000001ea88d1c190
Event: 0.091 Thread 0x000001ea88d23790 Thread added: 0x000001ea88d23790


Dynamic libraries:
0x00007ff743580000 - 0x00007ff743590000 	C:\Program Files\Java\jdk-20\bin\java.exe
0x00007ffd61290000 - 0x00007ffd614a6000 	C:\Windows\SYSTEM32\ntdll.dll
0x00007ffd60590000 - 0x00007ffd60654000 	C:\Windows\System32\KERNEL32.DLL
0x00007ffd5e5b0000 - 0x00007ffd5e957000 	C:\Windows\System32\KERNELBASE.dll
0x00007ffd5ed80000 - 0x00007ffd5ee91000 	C:\Windows\System32\ucrtbase.dll
0x00007ffd58900000 - 0x00007ffd5891b000 	C:\Program Files\Java\jdk-20\bin\VCRUNTIME140.dll
0x00007ffd54770000 - 0x00007ffd54789000 	C:\Program Files\Java\jdk-20\bin\jli.dll
0x00007ffd60990000 - 0x00007ffd60a42000 	C:\Windows\System32\ADVAPI32.dll
0x00007ffd5f760000 - 0x00007ffd5f807000 	C:\Windows\System32\msvcrt.dll
0x00007ffd5f320000 - 0x00007ffd5f3c8000 	C:\Windows\System32\sechost.dll
0x00007ffd5ef90000 - 0x00007ffd5efb8000 	C:\Windows\System32\bcrypt.dll
0x00007ffd5f0a0000 - 0x00007ffd5f1b5000 	C:\Windows\System32\RPCRT4.dll
0x00007ffd60a50000 - 0x00007ffd60bfe000 	C:\Windows\System32\USER32.dll
0x00007ffd5ef60000 - 0x00007ffd5ef86000 	C:\Windows\System32\win32u.dll
0x00007ffd444d0000 - 0x00007ffd44763000 	C:\Windows\WinSxS\amd64_microsoft.windows.common-controls_6595b64144ccf1df_6.0.22621.3235_none_270f74e173860f98\COMCTL32.dll
0x00007ffd60550000 - 0x00007ffd60579000 	C:\Windows\System32\GDI32.dll
0x00007ffd5eb70000 - 0x00007ffd5ec89000 	C:\Windows\System32\gdi32full.dll
0x00007ffd5e960000 - 0x00007ffd5e9fa000 	C:\Windows\System32\msvcp_win.dll
0x00007ffd54c50000 - 0x00007ffd54c5a000 	C:\Windows\SYSTEM32\VERSION.dll
0x00007ffd5f5c0000 - 0x00007ffd5f5f1000 	C:\Windows\System32\IMM32.DLL
0x00007ffd4e000000 - 0x00007ffd4e00c000 	C:\Program Files\Java\jdk-20\bin\vcruntime140_1.dll
0x00007ffd4c260000 - 0x00007ffd4c2ee000 	C:\Program Files\Java\jdk-20\bin\msvcp140.dll
0x00007ffcd6800000 - 0x00007ffcd7498000 	C:\Program Files\Java\jdk-20\bin\server\jvm.dll
0x00007ffd41c20000 - 0x00007ffd41c29000 	C:\Windows\SYSTEM32\WSOCK32.dll
0x00007ffd5c320000 - 0x00007ffd5c354000 	C:\Windows\SYSTEM32\WINMM.dll
0x00007ffd5f430000 - 0x00007ffd5f4a1000 	C:\Windows\System32\WS2_32.dll
0x00007ffd5d5c0000 - 0x00007ffd5d5d8000 	C:\Windows\SYSTEM32\kernel.appcore.dll
0x00007ffd4dff0000 - 0x00007ffd4dffa000 	C:\Program Files\Java\jdk-20\bin\jimage.dll
0x00007ffd5bd60000 - 0x00007ffd5bf93000 	C:\Windows\SYSTEM32\DBGHELP.DLL
0x00007ffd60110000 - 0x00007ffd60498000 	C:\Windows\System32\combase.dll
0x00007ffd5efc0000 - 0x00007ffd5f097000 	C:\Windows\System32\OLEAUT32.dll
0x00007ffd55770000 - 0x00007ffd557a2000 	C:\Windows\SYSTEM32\dbgcore.DLL
0x00007ffd5ed00000 - 0x00007ffd5ed79000 	C:\Windows\System32\bcryptPrimitives.dll
0x00007ffd484c0000 - 0x00007ffd484e6000 	C:\Program Files\Java\jdk-20\bin\java.dll
0x00007ffd3e4a0000 - 0x00007ffd3e577000 	C:\Program Files\Java\jdk-20\bin\jsvml.dll
0x00007ffd5f890000 - 0x00007ffd600ec000 	C:\Windows\System32\SHELL32.dll
0x00007ffd5c4c0000 - 0x00007ffd5cdb9000 	C:\Windows\SYSTEM32\windows.storage.dll
0x00007ffd5c380000 - 0x00007ffd5c4be000 	C:\Windows\SYSTEM32\wintypes.dll
0x00007ffd5f1c0000 - 0x00007ffd5f2b3000 	C:\Windows\System32\SHCORE.dll
0x00007ffd5f3d0000 - 0x00007ffd5f42e000 	C:\Windows\System32\shlwapi.dll
0x00007ffd5e4e0000 - 0x00007ffd5e501000 	C:\Windows\SYSTEM32\profapi.dll
0x000000006f3c0000 - 0x000000006f3d4000 	C:\Study\3_course\Java_Optimization\Task_3\src\main\c\nativeLib.dll

dbghelp: loaded successfully - version: 4.0.5 - missing functions: none
symbol engine: initialized successfully - sym options: 0x614 - pdb path: .;C:\Program Files\Java\jdk-20\bin;C:\Windows\SYSTEM32;C:\Windows\WinSxS\amd64_microsoft.windows.common-controls_6595b64144ccf1df_6.0.22621.3235_none_270f74e173860f98;C:\Program Files\Java\jdk-20\bin\server;C:\Study\3_course\Java_Optimization\Task_3\src\main\c

VM Arguments:
jvm_args: -Djava.library.path=C:\Study\3_course\Java_Optimization\Task_3\src\main\c 
java_command: nsu.Main
java_class_path (initial): src/main/java
Launcher Type: SUN_STANDARD

[Global flags]
     intx CICompilerCount                          = 4                                         {product} {ergonomic}
     uint ConcGCThreads                            = 3                                         {product} {ergonomic}
     uint G1ConcRefinementThreads                  = 10                                        {product} {ergonomic}
   size_t G1HeapRegionSize                         = 2097152                                   {product} {ergonomic}
    uintx GCDrainStackTargetSize                   = 64                                        {product} {ergonomic}
   size_t InitialHeapSize                          = 257949696                                 {product} {ergonomic}
   size_t MarkStackSize                            = 4194304                                   {product} {ergonomic}
   size_t MaxHeapSize                              = 4123000832                                {product} {ergonomic}
   size_t MaxNewSize                               = 2472542208                                {product} {ergonomic}
   size_t MinHeapDeltaBytes                        = 2097152                                   {product} {ergonomic}
   size_t MinHeapSize                              = 8388608                                   {product} {ergonomic}
    uintx NonNMethodCodeHeapSize                   = 5839372                                {pd product} {ergonomic}
    uintx NonProfiledCodeHeapSize                  = 122909434                              {pd product} {ergonomic}
    uintx ProfiledCodeHeapSize                     = 122909434                              {pd product} {ergonomic}
    uintx ReservedCodeCacheSize                    = 251658240                              {pd product} {ergonomic}
     bool SegmentedCodeCache                       = true                                      {product} {ergonomic}
   size_t SoftMaxHeapSize                          = 4123000832                             {manageable} {ergonomic}
     bool UseCompressedClassPointers               = true                           {product lp64_product} {ergonomic}
     bool UseCompressedOops                        = true                           {product lp64_product} {ergonomic}
     bool UseG1GC                                  = true                                      {product} {ergonomic}
     bool UseLargePagesIndividualAllocation        = false                                  {pd product} {ergonomic}

Logging:
Log output configuration:
 #0: stdout all=warning uptime,level,tags foldmultilines=false
 #1: stderr all=off uptime,level,tags foldmultilines=false

Environment Variables:
PATH=C:\Program Files\Git\mingw64\bin;C:\Program Files\Git\usr\bin;C:\Users\vadim\bin;C:\ActiveTcl\bin;C:\Program Files\Common Files\Oracle\Java\javapath;C:\Windows\system32;C:\Windows;C:\Windows\System32\Wbem;C:\Windows\System32\WindowsPowerShell\v1.0;C:\Windows\System32\OpenSSH;C:\Program Files\Git\cmd;C:\ProgramData\chocolatey\bin;C:\Program Files\nodejs;C:\Gradle\gradle-7.6.1\bin;C:\Strawberry\c\bin;C:\Strawberry\perl\site\bin;C:\Strawberry\perl\bin;C:\graphviz\bin;C:\Strawberry\c\bin\spin;C:\Users\vadim\AppData\Local\Programs\Python\Python311;C:\Program Files\PuTTY;C:\Program Files\Go\bin;C:\Program Files\Docker\Docker\resources\bin;C:\Program Files\Java\jdk-19\bin;C:\Users\vadim\AppData\Local\Programs\Python\Python312\Scripts;C:\Users\vadim\AppData\Local\Programs\Python\Python312;C:\Users\vadim\AppData\Local\Programs\Python\Launcher;C:\Users\vadim\AppData\Local\Microsoft\WindowsApps;C:\Program Files\JetBrains\IntelliJ IDEA Community Edition 2022.3\bin;C:\Program Files\JetBrains\WebStorm 2022.3\bin;C:\Users\vadim\AppData\Roaming\npm;C:\Program Files\JetBrains\PyCharm 2022.3.2\bin;C:\Program Files\JetBrains\GoLand 2022.3.2\bin;C:\Program Files\JetBrains\CLion 2022.3.2\bin;C:\Users\vadim\AppData\Local\Programs\Microsoft VS Code\bin;C:\Users\vadim\go\bin;C:\Program Files\JetBrains\IntelliJ IDEA 2023.3.6\bin
USERNAME=vadim
TERM=xterm-256color
OS=Windows_NT
PROCESSOR_IDENTIFIER=AMD64 Family 23 Model 104 Stepping 1, AuthenticAMD
TMP=C:\Users\vadim\AppData\Local\Temp
TEMP=C:\Users\vadim\AppData\Local\Temp




---------------  S Y S T E M  ---------------

OS:
 Windows 11 , 64 bit Build 22621 (10.0.22621.3374)
OS uptime: 0 days 19:42 hours
Hyper-V role detected

CPU: total 12 (initial active 12) (12 cores per cpu, 2 threads per core) family 23 model 104 stepping 1 microcode 0x0, cx8, cmov, fxsr, ht, mmx, 3dnowpref, sse, sse2, sse3, ssse3, sse4a, sse4.1, sse4.2, popcnt, lzcnt, tsc, tscinvbit, avx, avx2, aes, clmul, bmi1, bmi2, adx, sha, fma, vzeroupper, clflush, clflushopt, hv, rdtscp, rdpid, f16c

Memory: 4k page, system-wide physical 15722M (7611M free)
TotalPageFile size 16746M (AvailPageFile size 4698M)
current process WorkingSet (physical memory assigned to process): 34M, peak: 34M
current process commit charge ("private bytes"): 333M, peak: 333M

vm_info: Java HotSpot(TM) 64-Bit Server VM (20.0.2+9-78) for windows-amd64 JRE (20.0.2+9-78), built on 2023-06-14T10:08:48Z by "mach5one" with MS VC++ 17.1 (VS2022)

END.
