#
# A fatal error has been detected by the Java Runtime Environment:
#
#  EXCEPTION_ACCESS_VIOLATION (0xc0000005) at pc=0x00007ffcd680a330, pid=2572, tid=9680
#
# JRE version: Java(TM) SE Runtime Environment (20.0.2+9) (build 20.0.2+9-78)
# Java VM: Java HotSpot(TM) 64-Bit Server VM (20.0.2+9-78, mixed mode, sharing, tiered, compressed oops, compressed class ptrs, g1 gc, windows-amd64)
# Problematic frame:
# V  [jvm.dll+0xa330]
#
# No core dump will be written. Minidumps are not enabled by default on client versions of Windows
#
# If you would like to submit a bug report, please visit:
#   https://bugreport.java.com/bugreport/crash.jsp
#

---------------  S U M M A R Y ------------

Command Line: -Djava.library.path=C:\Study\3_course\Java_Optimization\Task_3\src\main\c nsu.Main

Host: AMD Ryzen 5 5500U with Radeon Graphics         , 12 cores, 15G,  Windows 11 , 64 bit Build 22621 (10.0.22621.3374)
Time: Sat Apr 27 10:35:47 2024  Windows 11 , 64 bit Build 22621 (10.0.22621.3374) elapsed time: 0.118545 seconds (0d 0h 0m 0s)

---------------  T H R E A D  ---------------

Current thread (0x0000028d8a0627e0):  JavaThread "main" [_thread_in_vm, id=9680, stack(0x000000be59600000,0x000000be59700000)]

Stack: [0x000000be59600000,0x000000be59700000],  sp=0x000000be596ff1d8,  free space=1020k
Native frames: (J=compiled Java code, j=interpreted, Vv=VM code, C=native code)
V  [jvm.dll+0xa330]

Java frames: (J=compiled Java code, j=interpreted, Vv=VM code)
j  nsu.Methods.brokenChainOfMethods()V+0
j  nsu.Main.main([Ljava/lang/String;)V+9
v  ~StubRoutines::call_stub 0x0000028d9966100d

siginfo: EXCEPTION_ACCESS_VIOLATION (0xc0000005), reading address 0x0000000000000000


Registers:
RAX=0x0000000000000000, RBX=0x0000000000000000, RCX=0x0000000000000000, RDX=0x0000000000000000
RSP=0x000000be596ff1d8, RBP=0x000000be596ff2d0, RSI=0x0000028d8a0627e0, RDI=0x0000000000000000
R8 =0x000000006f3c4018, R9 =0x0000028d87e87620, R10=0x0000000000000049, R11=0x000000be596ff1d8
R12=0x000000006f3c4018, R13=0x0000028deac00e48, R14=0x000000be596ff2f0, R15=0x0000028d8a0627e0
RIP=0x00007ffcd680a330, EFLAGS=0x0000000000010246


Register to memory mapping:

RIP=0x00007ffcd680a330 jvm.dll
RAX=0x0 is NULL
RBX=0x0 is NULL
RCX=0x0 is NULL
RDX=0x0 is NULL
RSP=0x000000be596ff1d8 is pointing into the stack for thread: 0x0000028d8a0627e0
RBP=0x000000be596ff2d0 is pointing into the stack for thread: 0x0000028d8a0627e0
RSI=0x0000028d8a0627e0 is a thread
RDI=0x0 is NULL
R8 =0x000000006f3c4018 nativeLib.dll
R9 =0x0000028d87e87620 points into unknown readable memory: 0x0000000000000002 | 02 00 00 00 00 00 00 00
R10=0x0000000000000049 is an unknown value
R11=0x000000be596ff1d8 is pointing into the stack for thread: 0x0000028d8a0627e0
R12=0x000000006f3c4018 nativeLib.dll
R13={method} {0x0000028deac00e50} 'brokenChainOfMethods' '()V' in 'nsu/Methods'
R14=0x000000be596ff2f0 is pointing into the stack for thread: 0x0000028d8a0627e0
R15=0x0000028d8a0627e0 is a thread


Top of Stack: (sp=0x000000be596ff1d8)
0x000000be596ff1d8:   00007ffcd6c417a7 0000000000000000
0x000000be596ff1e8:   0000000000000000 0000000000000001
0x000000be596ff1f8:   00007ffd5f7f8a30 000000be596ff2f0
0x000000be596ff208:   000000006f3c4000 0000028d8a062ac0
0x000000be596ff218:   000000006f3c1409 0000028d8a0627e0
0x000000be596ff228:   0000028d87e94960 0000028d00000126
0x000000be596ff238:   00007ffcd71ecc10 0000028d8a0627e0
0x000000be596ff248:   000000be596ff2f0 0000000000000000
0x000000be596ff258:   0000028d99681ff3 0000028deac00e48
0x000000be596ff268:   000000be596ff2d0 000000be596ff710
0x000000be596ff278:   000000be596ff718 0000028d99681c96
0x000000be596ff288:   000000be596ff288 0000028deac00e48
0x000000be596ff298:   000000be596ff2f0 0000028deac01310
0x000000be596ff2a8:   0000000000000000 00000007199e8ae8
0x000000be596ff2b8:   0000028deac00e48 0000000000000000
0x000000be596ff2c8:   000000be596ff2f0 000000be596ff340
0x000000be596ff2d8:   0000028d9967de8a 0000000000000000
0x000000be596ff2e8:   0000028d9967f897 00000007199e9448
0x000000be596ff2f8:   000000be596ff2f8 0000028deac00289
0x000000be596ff308:   000000be596ff360 0000028deac00928
0x000000be596ff318:   0000000000000000 00000007199e2990
0x000000be596ff328:   0000028deac002b0 000000be596ff2f0
0x000000be596ff338:   000000be596ff360 000000be596ff540
0x000000be596ff348:   0000028d9966100d 0000000000000000
0x000000be596ff358:   00000007199e9448 00000007199e8128
0x000000be596ff368:   00007ffcd6bc40e9 0000028d87cd02b4
0x000000be596ff378:   0000000000000050 0000028d87cd0cc0
0x000000be596ff388:   0000028d87cd1a40 00000000000001b0
0x000000be596ff398:   0000000000000040 0000000000000000
0x000000be596ff3a8:   0000000000000050 0000000000000000
0x000000be596ff3b8:   0000000000000005 0000000000000000
0x000000be596ff3c8:   000000be596ff479 0000028d87e50000 

Instructions: (pc=0x00007ffcd680a330)
0x00007ffcd680a230:   ec 0d b3 00 48 83 c4 20 5b 48 ff e0 48 8d 05 ed
0x00007ffcd680a240:   00 00 00 48 8b cb 48 89 05 d3 0d b3 00 48 83 c4
0x00007ffcd680a250:   20 5b 48 ff e0 48 8d 05 d4 00 00 00 48 8b cb 48
0x00007ffcd680a260:   89 05 ba 0d b3 00 48 83 c4 20 5b 48 ff e0 48 8b
0x00007ffcd680a270:   0d cb 76 b9 00 8b 51 10 83 ea 01 0f 84 91 00 00
0x00007ffcd680a280:   00 83 ea 01 74 73 83 ea 01 74 55 83 fa 01 74 37
0x00007ffcd680a290:   4c 8d 0d e9 08 8a 00 41 b8 e2 00 00 00 48 8d 15
0x00007ffcd680a2a0:   14 09 8a 00 b9 00 00 00 e0 e8 42 68 27 00 e8 5d
0x00007ffcd680a2b0:   19 6b 00 33 c0 48 8b cb 48 89 05 61 0d b3 00 48
0x00007ffcd680a2c0:   83 c4 20 5b 48 ff e0 48 8d 05 72 00 00 00 48 8b
0x00007ffcd680a2d0:   cb 48 89 05 48 0d b3 00 48 83 c4 20 5b 48 ff e0
0x00007ffcd680a2e0:   48 8d 05 49 00 00 00 48 8b cb 48 89 05 2f 0d b3
0x00007ffcd680a2f0:   00 48 83 c4 20 5b 48 ff e0 48 8d 05 30 00 00 00
0x00007ffcd680a300:   48 8b cb 48 89 05 16 0d b3 00 48 83 c4 20 5b 48
0x00007ffcd680a310:   ff e0 48 8d 05 17 00 00 00 48 8b cb 48 89 05 fd
0x00007ffcd680a320:   0c b3 00 48 83 c4 20 5b 48 ff e0 cc cc cc cc cc
0x00007ffcd680a330:   48 8b 01 c3 cc cc cc cc cc cc cc cc cc cc cc cc
0x00007ffcd680a340:   48 89 5c 24 08 57 48 83 ec 20 48 8b 39 48 8b d9
0x00007ffcd680a350:   48 85 3d a1 90 be 00 75 0e 48 8b c7 48 8b 5c 24
0x00007ffcd680a360:   30 48 83 c4 20 5f c3 48 8b cf e8 c1 0e 87 00 48
0x00007ffcd680a370:   8b d0 48 85 c0 74 20 48 8b c7 f0 48 0f b1 13 74
0x00007ffcd680a380:   16 48 85 05 70 90 be 00 74 0d 48 8b c8 f0 48 0f
0x00007ffcd680a390:   b1 13 48 3b c1 75 ea 48 8b 5c 24 30 48 8b c2 48
0x00007ffcd680a3a0:   83 c4 20 5f c3 cc cc cc cc cc cc cc cc cc cc cc
0x00007ffcd680a3b0:   8b 44 24 30 45 03 c9 44 2b 4c 24 28 83 c0 0b 44
0x00007ffcd680a3c0:   03 ca 45 03 c8 41 03 c1 c3 cc cc cc cc cc cc cc
0x00007ffcd680a3d0:   48 8b 41 08 0f b7 48 2a 0f b7 40 28 83 c0 48 03
0x00007ffcd680a3e0:   c1 c3 cc cc cc cc cc cc cc cc cc cc cc cc cc cc
0x00007ffcd680a3f0:   48 89 5c 24 08 57 48 83 ec 20 0f b6 05 3f 98 be
0x00007ffcd680a400:   00 48 8b fa 48 8b d9 84 c0 74 4f 48 85 15 e6 8f
0x00007ffcd680a410:   be 00 74 38 48 8b ca e8 24 11 87 00 48 8b d0 48
0x00007ffcd680a420:   85 db 74 25 48 85 c0 74 20 48 8b c7 f0 48 0f b1 


Stack slot to memory mapping:
stack at sp + 0 slots: 0x00007ffcd6c417a7 jvm.dll
stack at sp + 1 slots: 0x0 is NULL
stack at sp + 2 slots: 0x0 is NULL
stack at sp + 3 slots: 0x0000000000000001 is an unknown value
stack at sp + 4 slots: 0x00007ffd5f7f8a30 msvcrt.dll
stack at sp + 5 slots: 0x000000be596ff2f0 is pointing into the stack for thread: 0x0000028d8a0627e0
stack at sp + 6 slots: 0x000000006f3c4000 nativeLib.dll
stack at sp + 7 slots: 0x0000028d8a062ac0 points into unknown readable memory: 0x00007ffcd73466d0 | d0 66 34 d7 fc 7f 00 00


---------------  P R O C E S S  ---------------

Threads class SMR info:
_java_thread_list=0x0000028deeac09a0, length=11, elements={
0x0000028d8a0627e0, 0x0000028da8f13060, 0x0000028da8f13c60, 0x0000028da8f15260,
0x0000028da8f16f60, 0x0000028da8f178a0, 0x0000028da8f181e0, 0x0000028da8f1b390,
0x0000028da8f28930, 0x0000028deeab48c0, 0x0000028deeac8510
}

Java Threads: ( => current thread )
=>0x0000028d8a0627e0 JavaThread "main" [_thread_in_vm, id=9680, stack(0x000000be59600000,0x000000be59700000)]
  0x0000028da8f13060 JavaThread "Reference Handler" daemon [_thread_blocked, id=13260, stack(0x000000be59d00000,0x000000be59e00000)]
  0x0000028da8f13c60 JavaThread "Finalizer" daemon [_thread_blocked, id=16368, stack(0x000000be59e00000,0x000000be59f00000)]
  0x0000028da8f15260 JavaThread "Signal Dispatcher" daemon [_thread_blocked, id=14204, stack(0x000000be59f00000,0x000000be5a000000)]
  0x0000028da8f16f60 JavaThread "Attach Listener" daemon [_thread_blocked, id=2972, stack(0x000000be5a000000,0x000000be5a100000)]
  0x0000028da8f178a0 JavaThread "Service Thread" daemon [_thread_blocked, id=7388, stack(0x000000be5a100000,0x000000be5a200000)]
  0x0000028da8f181e0 JavaThread "Monitor Deflation Thread" daemon [_thread_blocked, id=11564, stack(0x000000be5a200000,0x000000be5a300000)]
  0x0000028da8f1b390 JavaThread "C2 CompilerThread0" daemon [_thread_blocked, id=6032, stack(0x000000be5a300000,0x000000be5a400000)]
  0x0000028da8f28930 JavaThread "C1 CompilerThread0" daemon [_thread_blocked, id=12524, stack(0x000000be5a400000,0x000000be5a500000)]
  0x0000028deeab48c0 JavaThread "Notification Thread" daemon [_thread_blocked, id=14472, stack(0x000000be5a500000,0x000000be5a600000)]
  0x0000028deeac8510 JavaThread "Common-Cleaner" daemon [_thread_blocked, id=10388, stack(0x000000be5a700000,0x000000be5a800000)]

Other Threads:
  0x0000028da8ef4ca0 VMThread "VM Thread" [stack: 0x000000be59c00000,0x000000be59d00000] [id=12916]
  0x0000028deeab7230 WatcherThread "VM Periodic Task Thread" [stack: 0x000000be5a600000,0x000000be5a700000] [id=16640]
  0x0000028d8a0cea10 WorkerThread "GC Thread#0" [stack: 0x000000be59700000,0x000000be59800000] [id=6560]
  0x0000028d8a0deee0 ConcurrentGCThread "G1 Main Marker" [stack: 0x000000be59800000,0x000000be59900000] [id=6812]
  0x0000028d8a0dfab0 WorkerThread "G1 Conc#0" [stack: 0x000000be59900000,0x000000be59a00000] [id=2708]
  0x0000028da8db2c50 ConcurrentGCThread "G1 Refine#0" [stack: 0x000000be59a00000,0x000000be59b00000] [id=4380]
  0x0000028da8db3110 ConcurrentGCThread "G1 Service" [stack: 0x000000be59b00000,0x000000be59c00000] [id=5008]

Threads with active compile tasks:

VM state: not at safepoint (normal execution)

VM Mutex/Monitor currently owned by a thread: None

Heap address: 0x000000070a400000, size: 3932 MB, Compressed Oops mode: Zero based, Oop shift amount: 3

CDS archive(s) mapped at: [0x0000028da9800000-0x0000028daa460000-0x0000028daa460000), size 12976128, SharedBaseAddress: 0x0000028da9800000, ArchiveRelocationMode: 1.
Compressed class space mapped at: 0x0000028daa800000-0x0000028dea800000, reserved size: 1073741824
Narrow klass base: 0x0000028da9800000, Narrow klass shift: 0, Narrow klass range: 0x100000000

GC Precious Log:
 CardTable entry size: 512
 Card Set container configuration: InlinePtr #cards 4 size 8 Array Of Cards #cards 16 size 48 Howl #buckets 8 coarsen threshold 3686 Howl Bitmap #cards 512 size 80 coarsen threshold 460 Card regions per heap region 1 cards per card region 4096
 CPUs: 12 total, 12 available
 Memory: 15722M
 Large Page Support: Disabled
 NUMA Support: Disabled
 Compressed Oops: Enabled (Zero based)
 Heap Region Size: 2M
 Heap Min Capacity: 8M
 Heap Initial Capacity: 246M
 Heap Max Capacity: 3932M
 Pre-touch: Disabled
 Parallel Workers: 10
 Concurrent Workers: 3
 Concurrent Refinement Workers: 10
 Periodic GC: Disabled

Heap:
 garbage-first heap   total 251904K, used 2048K [0x000000070a400000, 0x0000000800000000)
  region size 2048K, 2 young (4096K), 0 survivors (0K)
 Metaspace       used 170K, committed 384K, reserved 1114112K
  class space    used 10K, committed 128K, reserved 1048576K

Heap Regions: E=young(eden), S=young(survivor), O=old, HS=humongous(starts), HC=humongous(continues), CS=collection set, F=free, OA=open archive, CA=closed archive, TAMS=top-at-mark-start, PB=parsable bottom
|   0|0x000000070a400000, 0x000000070a400000, 0x000000070a600000|  0%| F|  |TAMS 0x000000070a400000| PB 0x000000070a400000| Untracked 
|   1|0x000000070a600000, 0x000000070a600000, 0x000000070a800000|  0%| F|  |TAMS 0x000000070a600000| PB 0x000000070a600000| Untracked 
|   2|0x000000070a800000, 0x000000070a800000, 0x000000070aa00000|  0%| F|  |TAMS 0x000000070a800000| PB 0x000000070a800000| Untracked 
|   3|0x000000070aa00000, 0x000000070aa00000, 0x000000070ac00000|  0%| F|  |TAMS 0x000000070aa00000| PB 0x000000070aa00000| Untracked 
|   4|0x000000070ac00000, 0x000000070ac00000, 0x000000070ae00000|  0%| F|  |TAMS 0x000000070ac00000| PB 0x000000070ac00000| Untracked 
|   5|0x000000070ae00000, 0x000000070ae00000, 0x000000070b000000|  0%| F|  |TAMS 0x000000070ae00000| PB 0x000000070ae00000| Untracked 
|   6|0x000000070b000000, 0x000000070b000000, 0x000000070b200000|  0%| F|  |TAMS 0x000000070b000000| PB 0x000000070b000000| Untracked 
|   7|0x000000070b200000, 0x000000070b200000, 0x000000070b400000|  0%| F|  |TAMS 0x000000070b200000| PB 0x000000070b200000| Untracked 
|   8|0x000000070b400000, 0x000000070b400000, 0x000000070b600000|  0%| F|  |TAMS 0x000000070b400000| PB 0x000000070b400000| Untracked 
|   9|0x000000070b600000, 0x000000070b600000, 0x000000070b800000|  0%| F|  |TAMS 0x000000070b600000| PB 0x000000070b600000| Untracked 
|  10|0x000000070b800000, 0x000000070b800000, 0x000000070ba00000|  0%| F|  |TAMS 0x000000070b800000| PB 0x000000070b800000| Untracked 
|  11|0x000000070ba00000, 0x000000070ba00000, 0x000000070bc00000|  0%| F|  |TAMS 0x000000070ba00000| PB 0x000000070ba00000| Untracked 
|  12|0x000000070bc00000, 0x000000070bc00000, 0x000000070be00000|  0%| F|  |TAMS 0x000000070bc00000| PB 0x000000070bc00000| Untracked 
|  13|0x000000070be00000, 0x000000070be00000, 0x000000070c000000|  0%| F|  |TAMS 0x000000070be00000| PB 0x000000070be00000| Untracked 
|  14|0x000000070c000000, 0x000000070c000000, 0x000000070c200000|  0%| F|  |TAMS 0x000000070c000000| PB 0x000000070c000000| Untracked 
|  15|0x000000070c200000, 0x000000070c200000, 0x000000070c400000|  0%| F|  |TAMS 0x000000070c200000| PB 0x000000070c200000| Untracked 
|  16|0x000000070c400000, 0x000000070c400000, 0x000000070c600000|  0%| F|  |TAMS 0x000000070c400000| PB 0x000000070c400000| Untracked 
|  17|0x000000070c600000, 0x000000070c600000, 0x000000070c800000|  0%| F|  |TAMS 0x000000070c600000| PB 0x000000070c600000| Untracked 
|  18|0x000000070c800000, 0x000000070c800000, 0x000000070ca00000|  0%| F|  |TAMS 0x000000070c800000| PB 0x000000070c800000| Untracked 
|  19|0x000000070ca00000, 0x000000070ca00000, 0x000000070cc00000|  0%| F|  |TAMS 0x000000070ca00000| PB 0x000000070ca00000| Untracked 
|  20|0x000000070cc00000, 0x000000070cc00000, 0x000000070ce00000|  0%| F|  |TAMS 0x000000070cc00000| PB 0x000000070cc00000| Untracked 
|  21|0x000000070ce00000, 0x000000070ce00000, 0x000000070d000000|  0%| F|  |TAMS 0x000000070ce00000| PB 0x000000070ce00000| Untracked 
|  22|0x000000070d000000, 0x000000070d000000, 0x000000070d200000|  0%| F|  |TAMS 0x000000070d000000| PB 0x000000070d000000| Untracked 
|  23|0x000000070d200000, 0x000000070d200000, 0x000000070d400000|  0%| F|  |TAMS 0x000000070d200000| PB 0x000000070d200000| Untracked 
|  24|0x000000070d400000, 0x000000070d400000, 0x000000070d600000|  0%| F|  |TAMS 0x000000070d400000| PB 0x000000070d400000| Untracked 
|  25|0x000000070d600000, 0x000000070d600000, 0x000000070d800000|  0%| F|  |TAMS 0x000000070d600000| PB 0x000000070d600000| Untracked 
|  26|0x000000070d800000, 0x000000070d800000, 0x000000070da00000|  0%| F|  |TAMS 0x000000070d800000| PB 0x000000070d800000| Untracked 
|  27|0x000000070da00000, 0x000000070da00000, 0x000000070dc00000|  0%| F|  |TAMS 0x000000070da00000| PB 0x000000070da00000| Untracked 
|  28|0x000000070dc00000, 0x000000070dc00000, 0x000000070de00000|  0%| F|  |TAMS 0x000000070dc00000| PB 0x000000070dc00000| Untracked 
|  29|0x000000070de00000, 0x000000070de00000, 0x000000070e000000|  0%| F|  |TAMS 0x000000070de00000| PB 0x000000070de00000| Untracked 
|  30|0x000000070e000000, 0x000000070e000000, 0x000000070e200000|  0%| F|  |TAMS 0x000000070e000000| PB 0x000000070e000000| Untracked 
|  31|0x000000070e200000, 0x000000070e200000, 0x000000070e400000|  0%| F|  |TAMS 0x000000070e200000| PB 0x000000070e200000| Untracked 
|  32|0x000000070e400000, 0x000000070e400000, 0x000000070e600000|  0%| F|  |TAMS 0x000000070e400000| PB 0x000000070e400000| Untracked 
|  33|0x000000070e600000, 0x000000070e600000, 0x000000070e800000|  0%| F|  |TAMS 0x000000070e600000| PB 0x000000070e600000| Untracked 
|  34|0x000000070e800000, 0x000000070e800000, 0x000000070ea00000|  0%| F|  |TAMS 0x000000070e800000| PB 0x000000070e800000| Untracked 
|  35|0x000000070ea00000, 0x000000070ea00000, 0x000000070ec00000|  0%| F|  |TAMS 0x000000070ea00000| PB 0x000000070ea00000| Untracked 
|  36|0x000000070ec00000, 0x000000070ec00000, 0x000000070ee00000|  0%| F|  |TAMS 0x000000070ec00000| PB 0x000000070ec00000| Untracked 
|  37|0x000000070ee00000, 0x000000070ee00000, 0x000000070f000000|  0%| F|  |TAMS 0x000000070ee00000| PB 0x000000070ee00000| Untracked 
|  38|0x000000070f000000, 0x000000070f000000, 0x000000070f200000|  0%| F|  |TAMS 0x000000070f000000| PB 0x000000070f000000| Untracked 
|  39|0x000000070f200000, 0x000000070f200000, 0x000000070f400000|  0%| F|  |TAMS 0x000000070f200000| PB 0x000000070f200000| Untracked 
|  40|0x000000070f400000, 0x000000070f400000, 0x000000070f600000|  0%| F|  |TAMS 0x000000070f400000| PB 0x000000070f400000| Untracked 
|  41|0x000000070f600000, 0x000000070f600000, 0x000000070f800000|  0%| F|  |TAMS 0x000000070f600000| PB 0x000000070f600000| Untracked 
|  42|0x000000070f800000, 0x000000070f800000, 0x000000070fa00000|  0%| F|  |TAMS 0x000000070f800000| PB 0x000000070f800000| Untracked 
|  43|0x000000070fa00000, 0x000000070fa00000, 0x000000070fc00000|  0%| F|  |TAMS 0x000000070fa00000| PB 0x000000070fa00000| Untracked 
|  44|0x000000070fc00000, 0x000000070fc00000, 0x000000070fe00000|  0%| F|  |TAMS 0x000000070fc00000| PB 0x000000070fc00000| Untracked 
|  45|0x000000070fe00000, 0x000000070fe00000, 0x0000000710000000|  0%| F|  |TAMS 0x000000070fe00000| PB 0x000000070fe00000| Untracked 
|  46|0x0000000710000000, 0x0000000710000000, 0x0000000710200000|  0%| F|  |TAMS 0x0000000710000000| PB 0x0000000710000000| Untracked 
|  47|0x0000000710200000, 0x0000000710200000, 0x0000000710400000|  0%| F|  |TAMS 0x0000000710200000| PB 0x0000000710200000| Untracked 
|  48|0x0000000710400000, 0x0000000710400000, 0x0000000710600000|  0%| F|  |TAMS 0x0000000710400000| PB 0x0000000710400000| Untracked 
|  49|0x0000000710600000, 0x0000000710600000, 0x0000000710800000|  0%| F|  |TAMS 0x0000000710600000| PB 0x0000000710600000| Untracked 
|  50|0x0000000710800000, 0x0000000710800000, 0x0000000710a00000|  0%| F|  |TAMS 0x0000000710800000| PB 0x0000000710800000| Untracked 
|  51|0x0000000710a00000, 0x0000000710a00000, 0x0000000710c00000|  0%| F|  |TAMS 0x0000000710a00000| PB 0x0000000710a00000| Untracked 
|  52|0x0000000710c00000, 0x0000000710c00000, 0x0000000710e00000|  0%| F|  |TAMS 0x0000000710c00000| PB 0x0000000710c00000| Untracked 
|  53|0x0000000710e00000, 0x0000000710e00000, 0x0000000711000000|  0%| F|  |TAMS 0x0000000710e00000| PB 0x0000000710e00000| Untracked 
|  54|0x0000000711000000, 0x0000000711000000, 0x0000000711200000|  0%| F|  |TAMS 0x0000000711000000| PB 0x0000000711000000| Untracked 
|  55|0x0000000711200000, 0x0000000711200000, 0x0000000711400000|  0%| F|  |TAMS 0x0000000711200000| PB 0x0000000711200000| Untracked 
|  56|0x0000000711400000, 0x0000000711400000, 0x0000000711600000|  0%| F|  |TAMS 0x0000000711400000| PB 0x0000000711400000| Untracked 
|  57|0x0000000711600000, 0x0000000711600000, 0x0000000711800000|  0%| F|  |TAMS 0x0000000711600000| PB 0x0000000711600000| Untracked 
|  58|0x0000000711800000, 0x0000000711800000, 0x0000000711a00000|  0%| F|  |TAMS 0x0000000711800000| PB 0x0000000711800000| Untracked 
|  59|0x0000000711a00000, 0x0000000711a00000, 0x0000000711c00000|  0%| F|  |TAMS 0x0000000711a00000| PB 0x0000000711a00000| Untracked 
|  60|0x0000000711c00000, 0x0000000711c00000, 0x0000000711e00000|  0%| F|  |TAMS 0x0000000711c00000| PB 0x0000000711c00000| Untracked 
|  61|0x0000000711e00000, 0x0000000711e00000, 0x0000000712000000|  0%| F|  |TAMS 0x0000000711e00000| PB 0x0000000711e00000| Untracked 
|  62|0x0000000712000000, 0x0000000712000000, 0x0000000712200000|  0%| F|  |TAMS 0x0000000712000000| PB 0x0000000712000000| Untracked 
|  63|0x0000000712200000, 0x0000000712200000, 0x0000000712400000|  0%| F|  |TAMS 0x0000000712200000| PB 0x0000000712200000| Untracked 
|  64|0x0000000712400000, 0x0000000712400000, 0x0000000712600000|  0%| F|  |TAMS 0x0000000712400000| PB 0x0000000712400000| Untracked 
|  65|0x0000000712600000, 0x0000000712600000, 0x0000000712800000|  0%| F|  |TAMS 0x0000000712600000| PB 0x0000000712600000| Untracked 
|  66|0x0000000712800000, 0x0000000712800000, 0x0000000712a00000|  0%| F|  |TAMS 0x0000000712800000| PB 0x0000000712800000| Untracked 
|  67|0x0000000712a00000, 0x0000000712a00000, 0x0000000712c00000|  0%| F|  |TAMS 0x0000000712a00000| PB 0x0000000712a00000| Untracked 
|  68|0x0000000712c00000, 0x0000000712c00000, 0x0000000712e00000|  0%| F|  |TAMS 0x0000000712c00000| PB 0x0000000712c00000| Untracked 
|  69|0x0000000712e00000, 0x0000000712e00000, 0x0000000713000000|  0%| F|  |TAMS 0x0000000712e00000| PB 0x0000000712e00000| Untracked 
|  70|0x0000000713000000, 0x0000000713000000, 0x0000000713200000|  0%| F|  |TAMS 0x0000000713000000| PB 0x0000000713000000| Untracked 
|  71|0x0000000713200000, 0x0000000713200000, 0x0000000713400000|  0%| F|  |TAMS 0x0000000713200000| PB 0x0000000713200000| Untracked 
|  72|0x0000000713400000, 0x0000000713400000, 0x0000000713600000|  0%| F|  |TAMS 0x0000000713400000| PB 0x0000000713400000| Untracked 
|  73|0x0000000713600000, 0x0000000713600000, 0x0000000713800000|  0%| F|  |TAMS 0x0000000713600000| PB 0x0000000713600000| Untracked 
|  74|0x0000000713800000, 0x0000000713800000, 0x0000000713a00000|  0%| F|  |TAMS 0x0000000713800000| PB 0x0000000713800000| Untracked 
|  75|0x0000000713a00000, 0x0000000713a00000, 0x0000000713c00000|  0%| F|  |TAMS 0x0000000713a00000| PB 0x0000000713a00000| Untracked 
|  76|0x0000000713c00000, 0x0000000713c00000, 0x0000000713e00000|  0%| F|  |TAMS 0x0000000713c00000| PB 0x0000000713c00000| Untracked 
|  77|0x0000000713e00000, 0x0000000713e00000, 0x0000000714000000|  0%| F|  |TAMS 0x0000000713e00000| PB 0x0000000713e00000| Untracked 
|  78|0x0000000714000000, 0x0000000714000000, 0x0000000714200000|  0%| F|  |TAMS 0x0000000714000000| PB 0x0000000714000000| Untracked 
|  79|0x0000000714200000, 0x0000000714200000, 0x0000000714400000|  0%| F|  |TAMS 0x0000000714200000| PB 0x0000000714200000| Untracked 
|  80|0x0000000714400000, 0x0000000714400000, 0x0000000714600000|  0%| F|  |TAMS 0x0000000714400000| PB 0x0000000714400000| Untracked 
|  81|0x0000000714600000, 0x0000000714600000, 0x0000000714800000|  0%| F|  |TAMS 0x0000000714600000| PB 0x0000000714600000| Untracked 
|  82|0x0000000714800000, 0x0000000714800000, 0x0000000714a00000|  0%| F|  |TAMS 0x0000000714800000| PB 0x0000000714800000| Untracked 
|  83|0x0000000714a00000, 0x0000000714a00000, 0x0000000714c00000|  0%| F|  |TAMS 0x0000000714a00000| PB 0x0000000714a00000| Untracked 
|  84|0x0000000714c00000, 0x0000000714c00000, 0x0000000714e00000|  0%| F|  |TAMS 0x0000000714c00000| PB 0x0000000714c00000| Untracked 
|  85|0x0000000714e00000, 0x0000000714e00000, 0x0000000715000000|  0%| F|  |TAMS 0x0000000714e00000| PB 0x0000000714e00000| Untracked 
|  86|0x0000000715000000, 0x0000000715000000, 0x0000000715200000|  0%| F|  |TAMS 0x0000000715000000| PB 0x0000000715000000| Untracked 
|  87|0x0000000715200000, 0x0000000715200000, 0x0000000715400000|  0%| F|  |TAMS 0x0000000715200000| PB 0x0000000715200000| Untracked 
|  88|0x0000000715400000, 0x0000000715400000, 0x0000000715600000|  0%| F|  |TAMS 0x0000000715400000| PB 0x0000000715400000| Untracked 
|  89|0x0000000715600000, 0x0000000715600000, 0x0000000715800000|  0%| F|  |TAMS 0x0000000715600000| PB 0x0000000715600000| Untracked 
|  90|0x0000000715800000, 0x0000000715800000, 0x0000000715a00000|  0%| F|  |TAMS 0x0000000715800000| PB 0x0000000715800000| Untracked 
|  91|0x0000000715a00000, 0x0000000715a00000, 0x0000000715c00000|  0%| F|  |TAMS 0x0000000715a00000| PB 0x0000000715a00000| Untracked 
|  92|0x0000000715c00000, 0x0000000715c00000, 0x0000000715e00000|  0%| F|  |TAMS 0x0000000715c00000| PB 0x0000000715c00000| Untracked 
|  93|0x0000000715e00000, 0x0000000715e00000, 0x0000000716000000|  0%| F|  |TAMS 0x0000000715e00000| PB 0x0000000715e00000| Untracked 
|  94|0x0000000716000000, 0x0000000716000000, 0x0000000716200000|  0%| F|  |TAMS 0x0000000716000000| PB 0x0000000716000000| Untracked 
|  95|0x0000000716200000, 0x0000000716200000, 0x0000000716400000|  0%| F|  |TAMS 0x0000000716200000| PB 0x0000000716200000| Untracked 
|  96|0x0000000716400000, 0x0000000716400000, 0x0000000716600000|  0%| F|  |TAMS 0x0000000716400000| PB 0x0000000716400000| Untracked 
|  97|0x0000000716600000, 0x0000000716600000, 0x0000000716800000|  0%| F|  |TAMS 0x0000000716600000| PB 0x0000000716600000| Untracked 
|  98|0x0000000716800000, 0x0000000716800000, 0x0000000716a00000|  0%| F|  |TAMS 0x0000000716800000| PB 0x0000000716800000| Untracked 
|  99|0x0000000716a00000, 0x0000000716a00000, 0x0000000716c00000|  0%| F|  |TAMS 0x0000000716a00000| PB 0x0000000716a00000| Untracked 
| 100|0x0000000716c00000, 0x0000000716c00000, 0x0000000716e00000|  0%| F|  |TAMS 0x0000000716c00000| PB 0x0000000716c00000| Untracked 
| 101|0x0000000716e00000, 0x0000000716e00000, 0x0000000717000000|  0%| F|  |TAMS 0x0000000716e00000| PB 0x0000000716e00000| Untracked 
| 102|0x0000000717000000, 0x0000000717000000, 0x0000000717200000|  0%| F|  |TAMS 0x0000000717000000| PB 0x0000000717000000| Untracked 
| 103|0x0000000717200000, 0x0000000717200000, 0x0000000717400000|  0%| F|  |TAMS 0x0000000717200000| PB 0x0000000717200000| Untracked 
| 104|0x0000000717400000, 0x0000000717400000, 0x0000000717600000|  0%| F|  |TAMS 0x0000000717400000| PB 0x0000000717400000| Untracked 
| 105|0x0000000717600000, 0x0000000717600000, 0x0000000717800000|  0%| F|  |TAMS 0x0000000717600000| PB 0x0000000717600000| Untracked 
| 106|0x0000000717800000, 0x0000000717800000, 0x0000000717a00000|  0%| F|  |TAMS 0x0000000717800000| PB 0x0000000717800000| Untracked 
| 107|0x0000000717a00000, 0x0000000717a00000, 0x0000000717c00000|  0%| F|  |TAMS 0x0000000717a00000| PB 0x0000000717a00000| Untracked 
| 108|0x0000000717c00000, 0x0000000717c00000, 0x0000000717e00000|  0%| F|  |TAMS 0x0000000717c00000| PB 0x0000000717c00000| Untracked 
| 109|0x0000000717e00000, 0x0000000717e00000, 0x0000000718000000|  0%| F|  |TAMS 0x0000000717e00000| PB 0x0000000717e00000| Untracked 
| 110|0x0000000718000000, 0x0000000718000000, 0x0000000718200000|  0%| F|  |TAMS 0x0000000718000000| PB 0x0000000718000000| Untracked 
| 111|0x0000000718200000, 0x0000000718200000, 0x0000000718400000|  0%| F|  |TAMS 0x0000000718200000| PB 0x0000000718200000| Untracked 
| 112|0x0000000718400000, 0x0000000718400000, 0x0000000718600000|  0%| F|  |TAMS 0x0000000718400000| PB 0x0000000718400000| Untracked 
| 113|0x0000000718600000, 0x0000000718600000, 0x0000000718800000|  0%| F|  |TAMS 0x0000000718600000| PB 0x0000000718600000| Untracked 
| 114|0x0000000718800000, 0x0000000718800000, 0x0000000718a00000|  0%| F|  |TAMS 0x0000000718800000| PB 0x0000000718800000| Untracked 
| 115|0x0000000718a00000, 0x0000000718a00000, 0x0000000718c00000|  0%| F|  |TAMS 0x0000000718a00000| PB 0x0000000718a00000| Untracked 
| 116|0x0000000718c00000, 0x0000000718c00000, 0x0000000718e00000|  0%| F|  |TAMS 0x0000000718c00000| PB 0x0000000718c00000| Untracked 
| 117|0x0000000718e00000, 0x0000000718e00000, 0x0000000719000000|  0%| F|  |TAMS 0x0000000718e00000| PB 0x0000000718e00000| Untracked 
| 118|0x0000000719000000, 0x0000000719000000, 0x0000000719200000|  0%| F|  |TAMS 0x0000000719000000| PB 0x0000000719000000| Untracked 
| 119|0x0000000719200000, 0x0000000719200000, 0x0000000719400000|  0%| F|  |TAMS 0x0000000719200000| PB 0x0000000719200000| Untracked 
| 120|0x0000000719400000, 0x0000000719400000, 0x0000000719600000|  0%| F|  |TAMS 0x0000000719400000| PB 0x0000000719400000| Untracked 
| 121|0x0000000719600000, 0x0000000719671258, 0x0000000719800000| 22%| E|  |TAMS 0x0000000719600000| PB 0x0000000719600000| Complete 
| 122|0x0000000719800000, 0x0000000719a00000, 0x0000000719a00000|100%| E|CS|TAMS 0x0000000719800000| PB 0x0000000719800000| Complete 

Card table byte_map: [0x0000028da1e40000,0x0000028da25f0000] _byte_map_base: 0x0000028d9e5ee000

Marking Bits: (CMBitMap*) 0x0000028d8a0cf040
 Bits: [0x0000028da2da0000, 0x0000028da6b10000)

Polling page: 0x0000028d87ff0000

Metaspace:

Usage:
  Non-class:    160.12 KB used.
      Class:     10.54 KB used.
       Both:    170.66 KB used.

Virtual space:
  Non-class space:       64.00 MB reserved,     256.00 KB ( <1%) committed,  1 nodes.
      Class space:        1.00 GB reserved,     128.00 KB ( <1%) committed,  1 nodes.
             Both:        1.06 GB reserved,     384.00 KB ( <1%) committed. 

Chunk freelists:
   Non-Class:  3.99 MB
       Class:  3.75 MB
        Both:  7.74 MB

MaxMetaspaceSize: unlimited
CompressedClassSpaceSize: 1.00 GB
Initial GC threshold: 21.00 MB
Current GC threshold: 21.00 MB
CDS: on
MetaspaceReclaimPolicy: balanced
 - commit_granule_bytes: 65536.
 - commit_granule_words: 8192.
 - virtual_space_node_default_size: 8388608.
 - enlarge_chunks_in_place: 1.
 - new_chunks_are_fully_committed: 0.
 - uncommit_free_chunks: 1.
 - use_allocation_guard: 0.


Internal statistics:

num_allocs_failed_limit: 0.
num_arena_births: 4.
num_arena_deaths: 0.
num_vsnodes_births: 2.
num_vsnodes_deaths: 0.
num_space_committed: 6.
num_space_uncommitted: 0.
num_chunks_returned_to_freelist: 0.
num_chunks_taken_from_freelist: 6.
num_chunk_merges: 0.
num_chunk_splits: 2.
num_chunks_enlarged: 1.
num_inconsistent_stats: 0.

CodeHeap 'non-profiled nmethods': size=120000Kb used=13Kb max_used=13Kb free=119986Kb
 bounds [0x0000028d99c00000, 0x0000028d99e70000, 0x0000028da1130000]
CodeHeap 'profiled nmethods': size=120000Kb used=88Kb max_used=88Kb free=119911Kb
 bounds [0x0000028d92130000, 0x0000028d923a0000, 0x0000028d99660000]
CodeHeap 'non-nmethods': size=5760Kb used=1241Kb max_used=1241Kb free=4518Kb
 bounds [0x0000028d99660000, 0x0000028d998d0000, 0x0000028d99c00000]
 total_blobs=379 nmethods=70 adapters=220
 compilation: enabled
              stopped_count=0, restarted_count=0
 full_count=0

Compilation events (20 events):
Event: 0.089 Thread 0x0000028da8f28930   60       1       java.lang.module.ModuleDescriptor$Exports::targets (5 bytes)
Event: 0.089 Thread 0x0000028da8f28930 nmethod 60 0x0000028d99c03290 code [0x0000028d99c03400, 0x0000028d99c034d0]
Event: 0.091 Thread 0x0000028da8f28930   62       3       java.lang.AbstractStringBuilder::ensureCapacityInternal (39 bytes)
Event: 0.091 Thread 0x0000028da8f28930 nmethod 62 0x0000028d92143d10 code [0x0000028d92143ec0, 0x0000028d921440f0]
Event: 0.092 Thread 0x0000028da8f28930   63       3       java.lang.String::isEmpty (14 bytes)
Event: 0.092 Thread 0x0000028da8f28930 nmethod 63 0x0000028d92144210 code [0x0000028d921443a0, 0x0000028d92144518]
Event: 0.095 Thread 0x0000028da8f28930   64       3       java.lang.Math::min (11 bytes)
Event: 0.095 Thread 0x0000028da8f28930 nmethod 64 0x0000028d92144610 code [0x0000028d921447a0, 0x0000028d921448e0]
Event: 0.097 Thread 0x0000028da8f28930   65       3       java.lang.StringLatin1::canEncode (13 bytes)
Event: 0.097 Thread 0x0000028da8f28930 nmethod 65 0x0000028d92144990 code [0x0000028d92144b20, 0x0000028d92144c70]
Event: 0.097 Thread 0x0000028da8f28930   66       3       java.lang.StringLatin1::indexOfChar (33 bytes)
Event: 0.098 Thread 0x0000028da8f28930 nmethod 66 0x0000028d92144d10 code [0x0000028d92144ea0, 0x0000028d921450d8]
Event: 0.100 Thread 0x0000028da8f28930   67       3       jdk.internal.util.Preconditions::checkIndex (18 bytes)
Event: 0.100 Thread 0x0000028da8f28930 nmethod 67 0x0000028d92145210 code [0x0000028d921453a0, 0x0000028d92145540]
Event: 0.101 Thread 0x0000028da8f28930   68       3       java.lang.ref.Reference::reachabilityFence (1 bytes)
Event: 0.101 Thread 0x0000028da8f28930 nmethod 68 0x0000028d92145610 code [0x0000028d921457a0, 0x0000028d92145890]
Event: 0.101 Thread 0x0000028da8f28930   69       3       java.util.Optional::<init> (10 bytes)
Event: 0.101 Thread 0x0000028da8f28930 nmethod 69 0x0000028d92145910 code [0x0000028d92145aa0, 0x0000028d92145c60]
Event: 0.101 Thread 0x0000028da8f28930   70       3       java.lang.AbstractStringBuilder::isLatin1 (19 bytes)
Event: 0.101 Thread 0x0000028da8f28930 nmethod 70 0x0000028d92145d10 code [0x0000028d92145ea0, 0x0000028d92146020]

GC Heap History (0 events):
No events

Dll operation events (4 events):
Event: 0.012 Loaded shared library C:\Program Files\Java\jdk-20\bin\java.dll
Event: 0.041 Loaded shared library C:\Program Files\Java\jdk-20\bin\jsvml.dll
Event: 0.098 Loaded shared library C:\Program Files\Java\jdk-20\bin\jimage.dll
Event: 0.105 Loaded shared library C:\Study\3_course\Java_Optimization\Task_3\src\main\c\nativeLib.dll

Deoptimization events (0 events):
No events

Classes loaded (16 events):
Event: 0.053 Loading class sun/nio/cs/MS1251
Event: 0.054 Loading class sun/nio/cs/MS1251 done
Event: 0.054 Loading class sun/nio/cs/MS1251$Holder
Event: 0.054 Loading class sun/nio/cs/MS1251$Holder done
Event: 0.058 Loading class sun/nio/cs/IBM866
Event: 0.058 Loading class sun/nio/cs/IBM866 done
Event: 0.058 Loading class sun/nio/cs/IBM866$Holder
Event: 0.058 Loading class sun/nio/cs/IBM866$Holder done
Event: 0.091 Loading class jdk/internal/loader/URLClassPath$FileLoader
Event: 0.091 Loading class jdk/internal/loader/URLClassPath$FileLoader done
Event: 0.092 Loading class jdk/internal/loader/URLClassPath$FileLoader$1
Event: 0.092 Loading class jdk/internal/loader/URLClassPath$FileLoader$1 done
Event: 0.096 Loading class jdk/internal/module/ModulePatcher$PatchedModuleReader
Event: 0.096 Loading class jdk/internal/module/ModulePatcher$PatchedModuleReader done
Event: 0.100 Loading class sun/net/www/protocol/jrt/Handler
Event: 0.100 Loading class sun/net/www/protocol/jrt/Handler done

Classes unloaded (0 events):
No events

Classes redefined (0 events):
No events

Internal exceptions (1 events):
Event: 0.107 Thread 0x0000028d8a0627e0 Exception <a 'java/lang/NoClassDefFoundError'{0x00000007199e9c70}: java/land/Exception> (0x00000007199e9c70) 
thrown [s\open\src\hotspot\share\classfile\systemDictionary.cpp, line 294]

VM Operations (0 events):
No events

Events (11 events):
Event: 0.041 Thread 0x0000028d8a0627e0 Thread added: 0x0000028d8a0627e0
Event: 0.060 Thread 0x0000028da8f13060 Thread added: 0x0000028da8f13060
Event: 0.060 Thread 0x0000028da8f13c60 Thread added: 0x0000028da8f13c60
Event: 0.061 Thread 0x0000028da8f15260 Thread added: 0x0000028da8f15260
Event: 0.061 Thread 0x0000028da8f16f60 Thread added: 0x0000028da8f16f60
Event: 0.061 Thread 0x0000028da8f178a0 Thread added: 0x0000028da8f178a0
Event: 0.061 Thread 0x0000028da8f181e0 Thread added: 0x0000028da8f181e0
Event: 0.061 Thread 0x0000028da8f1b390 Thread added: 0x0000028da8f1b390
Event: 0.061 Thread 0x0000028da8f28930 Thread added: 0x0000028da8f28930
Event: 0.089 Thread 0x0000028deeab48c0 Thread added: 0x0000028deeab48c0
Event: 0.094 Thread 0x0000028deeac8510 Thread added: 0x0000028deeac8510


Dynamic libraries:
0x00007ff743580000 - 0x00007ff743590000 	C:\Program Files\Java\jdk-20\bin\java.exe
0x00007ffd61290000 - 0x00007ffd614a6000 	C:\Windows\SYSTEM32\ntdll.dll
0x00007ffd60590000 - 0x00007ffd60654000 	C:\Windows\System32\KERNEL32.DLL
0x00007ffd5e5b0000 - 0x00007ffd5e957000 	C:\Windows\System32\KERNELBASE.dll
0x00007ffd5ed80000 - 0x00007ffd5ee91000 	C:\Windows\System32\ucrtbase.dll
0x00007ffd54770000 - 0x00007ffd5478b000 	C:\Program Files\Java\jdk-20\bin\VCRUNTIME140.dll
0x00007ffd4dff0000 - 0x00007ffd4e009000 	C:\Program Files\Java\jdk-20\bin\jli.dll
0x00007ffd60990000 - 0x00007ffd60a42000 	C:\Windows\System32\ADVAPI32.dll
0x00007ffd5f760000 - 0x00007ffd5f807000 	C:\Windows\System32\msvcrt.dll
0x00007ffd5f320000 - 0x00007ffd5f3c8000 	C:\Windows\System32\sechost.dll
0x00007ffd5ef90000 - 0x00007ffd5efb8000 	C:\Windows\System32\bcrypt.dll
0x00007ffd5f0a0000 - 0x00007ffd5f1b5000 	C:\Windows\System32\RPCRT4.dll
0x00007ffd60a50000 - 0x00007ffd60bfe000 	C:\Windows\System32\USER32.dll
0x00007ffd5ef60000 - 0x00007ffd5ef86000 	C:\Windows\System32\win32u.dll
0x00007ffd444d0000 - 0x00007ffd44763000 	C:\Windows\WinSxS\amd64_microsoft.windows.common-controls_6595b64144ccf1df_6.0.22621.3235_none_270f74e173860f98\COMCTL32.dll
0x00007ffd60550000 - 0x00007ffd60579000 	C:\Windows\System32\GDI32.dll
0x00007ffd5eb70000 - 0x00007ffd5ec89000 	C:\Windows\System32\gdi32full.dll
0x00007ffd5e960000 - 0x00007ffd5e9fa000 	C:\Windows\System32\msvcp_win.dll
0x00007ffd54c50000 - 0x00007ffd54c5a000 	C:\Windows\SYSTEM32\VERSION.dll
0x00007ffd5f5c0000 - 0x00007ffd5f5f1000 	C:\Windows\System32\IMM32.DLL
0x00007ffd58910000 - 0x00007ffd5891c000 	C:\Program Files\Java\jdk-20\bin\vcruntime140_1.dll
0x00007ffd4c260000 - 0x00007ffd4c2ee000 	C:\Program Files\Java\jdk-20\bin\msvcp140.dll
0x00007ffcd6800000 - 0x00007ffcd7498000 	C:\Program Files\Java\jdk-20\bin\server\jvm.dll
0x00007ffd5c320000 - 0x00007ffd5c354000 	C:\Windows\SYSTEM32\WINMM.dll
0x00007ffd41c20000 - 0x00007ffd41c29000 	C:\Windows\SYSTEM32\WSOCK32.dll
0x00007ffd5f430000 - 0x00007ffd5f4a1000 	C:\Windows\System32\WS2_32.dll
0x00007ffd5d5c0000 - 0x00007ffd5d5d8000 	C:\Windows\SYSTEM32\kernel.appcore.dll
0x00007ffd4dfe0000 - 0x00007ffd4dfea000 	C:\Program Files\Java\jdk-20\bin\jimage.dll
0x00007ffd5bd60000 - 0x00007ffd5bf93000 	C:\Windows\SYSTEM32\DBGHELP.DLL
0x00007ffd60110000 - 0x00007ffd60498000 	C:\Windows\System32\combase.dll
0x00007ffd5efc0000 - 0x00007ffd5f097000 	C:\Windows\System32\OLEAUT32.dll
0x00007ffd55770000 - 0x00007ffd557a2000 	C:\Windows\SYSTEM32\dbgcore.DLL
0x00007ffd5ed00000 - 0x00007ffd5ed79000 	C:\Windows\System32\bcryptPrimitives.dll
0x00007ffd484c0000 - 0x00007ffd484e6000 	C:\Program Files\Java\jdk-20\bin\java.dll
0x00007ffd3e5f0000 - 0x00007ffd3e6c7000 	C:\Program Files\Java\jdk-20\bin\jsvml.dll
0x00007ffd5f890000 - 0x00007ffd600ec000 	C:\Windows\System32\SHELL32.dll
0x00007ffd5c4c0000 - 0x00007ffd5cdb9000 	C:\Windows\SYSTEM32\windows.storage.dll
0x00007ffd5c380000 - 0x00007ffd5c4be000 	C:\Windows\SYSTEM32\wintypes.dll
0x00007ffd5f1c0000 - 0x00007ffd5f2b3000 	C:\Windows\System32\SHCORE.dll
0x00007ffd5f3d0000 - 0x00007ffd5f42e000 	C:\Windows\System32\shlwapi.dll
0x00007ffd5e4e0000 - 0x00007ffd5e501000 	C:\Windows\SYSTEM32\profapi.dll
0x000000006f3c0000 - 0x000000006f3d4000 	C:\Study\3_course\Java_Optimization\Task_3\src\main\c\nativeLib.dll

dbghelp: loaded successfully - version: 4.0.5 - missing functions: none
symbol engine: initialized successfully - sym options: 0x614 - pdb path: .;C:\Program Files\Java\jdk-20\bin;C:\Windows\SYSTEM32;C:\Windows\WinSxS\amd64_microsoft.windows.common-controls_6595b64144ccf1df_6.0.22621.3235_none_270f74e173860f98;C:\Program Files\Java\jdk-20\bin\server;C:\Study\3_course\Java_Optimization\Task_3\src\main\c

VM Arguments:
jvm_args: -Djava.library.path=C:\Study\3_course\Java_Optimization\Task_3\src\main\c 
java_command: nsu.Main
java_class_path (initial): src/main/java
Launcher Type: SUN_STANDARD

[Global flags]
     intx CICompilerCount                          = 4                                         {product} {ergonomic}
     uint ConcGCThreads                            = 3                                         {product} {ergonomic}
     uint G1ConcRefinementThreads                  = 10                                        {product} {ergonomic}
   size_t G1HeapRegionSize                         = 2097152                                   {product} {ergonomic}
    uintx GCDrainStackTargetSize                   = 64                                        {product} {ergonomic}
   size_t InitialHeapSize                          = 257949696                                 {product} {ergonomic}
   size_t MarkStackSize                            = 4194304                                   {product} {ergonomic}
   size_t MaxHeapSize                              = 4123000832                                {product} {ergonomic}
   size_t MaxNewSize                               = 2472542208                                {product} {ergonomic}
   size_t MinHeapDeltaBytes                        = 2097152                                   {product} {ergonomic}
   size_t MinHeapSize                              = 8388608                                   {product} {ergonomic}
    uintx NonNMethodCodeHeapSize                   = 5839372                                {pd product} {ergonomic}
    uintx NonProfiledCodeHeapSize                  = 122909434                              {pd product} {ergonomic}
    uintx ProfiledCodeHeapSize                     = 122909434                              {pd product} {ergonomic}
    uintx ReservedCodeCacheSize                    = 251658240                              {pd product} {ergonomic}
     bool SegmentedCodeCache                       = true                                      {product} {ergonomic}
   size_t SoftMaxHeapSize                          = 4123000832                             {manageable} {ergonomic}
     bool UseCompressedClassPointers               = true                           {product lp64_product} {ergonomic}
     bool UseCompressedOops                        = true                           {product lp64_product} {ergonomic}
     bool UseG1GC                                  = true                                      {product} {ergonomic}
     bool UseLargePagesIndividualAllocation        = false                                  {pd product} {ergonomic}

Logging:
Log output configuration:
 #0: stdout all=warning uptime,level,tags foldmultilines=false
 #1: stderr all=off uptime,level,tags foldmultilines=false

Environment Variables:
PATH=C:\Program Files\Git\mingw64\bin;C:\Program Files\Git\usr\bin;C:\Users\vadim\bin;C:\ActiveTcl\bin;C:\Program Files\Common Files\Oracle\Java\javapath;C:\Windows\system32;C:\Windows;C:\Windows\System32\Wbem;C:\Windows\System32\WindowsPowerShell\v1.0;C:\Windows\System32\OpenSSH;C:\Program Files\Git\cmd;C:\ProgramData\chocolatey\bin;C:\Program Files\nodejs;C:\Gradle\gradle-7.6.1\bin;C:\Strawberry\c\bin;C:\Strawberry\perl\site\bin;C:\Strawberry\perl\bin;C:\graphviz\bin;C:\Strawberry\c\bin\spin;C:\Users\vadim\AppData\Local\Programs\Python\Python311;C:\Program Files\PuTTY;C:\Program Files\Go\bin;C:\Program Files\Docker\Docker\resources\bin;C:\Program Files\Java\jdk-19\bin;C:\Users\vadim\AppData\Local\Programs\Python\Python312\Scripts;C:\Users\vadim\AppData\Local\Programs\Python\Python312;C:\Users\vadim\AppData\Local\Programs\Python\Launcher;C:\Users\vadim\AppData\Local\Microsoft\WindowsApps;C:\Program Files\JetBrains\IntelliJ IDEA Community Edition 2022.3\bin;C:\Program Files\JetBrains\WebStorm 2022.3\bin;C:\Users\vadim\AppData\Roaming\npm;C:\Program Files\JetBrains\PyCharm 2022.3.2\bin;C:\Program Files\JetBrains\GoLand 2022.3.2\bin;C:\Program Files\JetBrains\CLion 2022.3.2\bin;C:\Users\vadim\AppData\Local\Programs\Microsoft VS Code\bin;C:\Users\vadim\go\bin;C:\Program Files\JetBrains\IntelliJ IDEA 2023.3.6\bin
USERNAME=vadim
TERM=xterm-256color
OS=Windows_NT
PROCESSOR_IDENTIFIER=AMD64 Family 23 Model 104 Stepping 1, AuthenticAMD
TMP=C:\Users\vadim\AppData\Local\Temp
TEMP=C:\Users\vadim\AppData\Local\Temp




---------------  S Y S T E M  ---------------

OS:
 Windows 11 , 64 bit Build 22621 (10.0.22621.3374)
OS uptime: 0 days 19:33 hours
Hyper-V role detected

CPU: total 12 (initial active 12) (12 cores per cpu, 2 threads per core) family 23 model 104 stepping 1 microcode 0x0, cx8, cmov, fxsr, ht, mmx, 3dnowpref, sse, sse2, sse3, ssse3, sse4a, sse4.1, sse4.2, popcnt, lzcnt, tsc, tscinvbit, avx, avx2, aes, clmul, bmi1, bmi2, adx, sha, fma, vzeroupper, clflush, clflushopt, hv, rdtscp, rdpid, f16c

Memory: 4k page, system-wide physical 15722M (6774M free)
TotalPageFile size 16746M (AvailPageFile size 4407M)
current process WorkingSet (physical memory assigned to process): 34M, peak: 34M
current process commit charge ("private bytes"): 333M, peak: 333M

vm_info: Java HotSpot(TM) 64-Bit Server VM (20.0.2+9-78) for windows-amd64 JRE (20.0.2+9-78), built on 2023-06-14T10:08:48Z by "mach5one" with MS VC++ 17.1 (VS2022)

END.
